GROUP,PACKAGE,CLASS,INSTRUCTION_MISSED,INSTRUCTION_COVERED,BRANCH_MISSED,BRANCH_COVERED,LINE_MISSED,LINE_COVERED,COMPLEXITY_MISSED,COMPLEXITY_COVERED,METHOD_MISSED,METHOD_COVERED
Fedora Repository RDF Transformations Module,org.fcrepo.transform,TransformationFactory,14,38,1,1,1,8,1,2,0,2
Fedora Repository RDF Transformations Module,org.fcrepo.transform.http,FedoraTransform,15,135,1,3,4,28,3,8,2,7
Fedora Repository RDF Transformations Module,org.fcrepo.transform.transformations,LDPathTransform,45,146,5,3,6,31,5,9,2,8
Fedora Repository RDF Transformations Module,org.fcrepo.transform.transformations,SparqlQueryTransform,24,18,4,0,4,7,4,2,2,2
Fedora Repository RDF Transformations Module,org.fcrepo.transform.http.responses,ResultSetStreamingOutput,43,103,20,26,8,17,18,18,1,4
Fedora Repository RDF Transformations Module,org.fcrepo.transform.http.responses,QueryExecutionProvider,60,11,8,0,13,3,7,2,3,2
