<?xml version="1.0" encoding="UTF-8" standalone="yes"?><!DOCTYPE report PUBLIC "-//JACOCO//DTD Report 1.0//EN" "report.dtd"><report name="Fedora Repository HTTP API Module"><sessioninfo id="red-600b1c72" start="1395448077578" dump="1395448265686"/><package name="org/fcrepo/http/api"><class name="org/fcrepo/http/api/FedoraFixity"><method name="&lt;init&gt;" desc="()V" line="62"><counter type="INSTRUCTION" missed="0" covered="3"/><counter type="LINE" missed="0" covered="1"/><counter type="COMPLEXITY" missed="0" covered="1"/><counter type="METHOD" missed="0" covered="1"/></method><method name="getDatastreamFixity" desc="(Ljava/util/List;Ljavax/ws/rs/core/Request;Ljavax/ws/rs/core/UriInfo;)Lorg/fcrepo/kernel/utils/iterators/RdfStream;" line="89"><counter type="INSTRUCTION" missed="0" covered="25"/><counter type="LINE" missed="0" covered="3"/><counter type="COMPLEXITY" missed="0" covered="1"/><counter type="METHOD" missed="0" covered="1"/></method><counter type="INSTRUCTION" missed="0" covered="28"/><counter type="LINE" missed="0" covered="4"/><counter type="COMPLEXITY" missed="0" covered="2"/><counter type="METHOD" missed="0" covered="2"/><counter type="CLASS" missed="0" covered="1"/></class><class name="org/fcrepo/http/api/FedoraImport"><method name="&lt;init&gt;" desc="()V" line="57"><counter type="INSTRUCTION" missed="0" covered="3"/><counter type="LINE" missed="0" covered="1"/><counter type="COMPLEXITY" missed="0" covered="1"/><counter type="METHOD" missed="0" covered="1"/></method><method name="importObject" desc="(Ljava/util/List;Ljava/lang/String;Ljava/io/InputStream;)Ljavax/ws/rs/core/Response;" line="87"><counter type="INSTRUCTION" missed="6" covered="46"/><counter type="LINE" missed="0" covered="7"/><counter type="COMPLEXITY" missed="0" covered="1"/><counter type="METHOD" missed="0" covered="1"/></method><method name="&lt;clinit&gt;" desc="()V" line="65"><counter type="INSTRUCTION" missed="0" covered="4"/><counter type="LINE" missed="0" covered="1"/><counter type="COMPLEXITY" missed="0" covered="1"/><counter type="METHOD" missed="0" covered="1"/></method><counter type="INSTRUCTION" missed="6" covered="53"/><counter type="LINE" missed="0" covered="9"/><counter type="COMPLEXITY" missed="0" covered="3"/><counter type="METHOD" missed="0" covered="3"/><counter type="CLASS" missed="0" covered="1"/></class><class name="org/fcrepo/http/api/FedoraIdentifiers$1"><method name="&lt;init&gt;" desc="(Ljava/lang/String;)V" line="120"><counter type="INSTRUCTION" missed="0" covered="6"/><counter type="LINE" missed="0" covered="1"/><counter type="COMPLEXITY" missed="0" covered="1"/><counter type="METHOD" missed="0" covered="1"/></method><method name="apply" desc="(Ljava/lang/String;)Ljava/lang/String;" line="124"><counter type="INSTRUCTION" missed="11" covered="15"/><counter type="BRANCH" missed="1" covered="1"/><counter type="LINE" missed="0" covered="1"/><counter type="COMPLEXITY" missed="1" covered="1"/><counter type="METHOD" missed="0" covered="1"/></method><counter type="INSTRUCTION" missed="11" covered="21"/><counter type="BRANCH" missed="1" covered="1"/><counter type="LINE" missed="0" covered="2"/><counter type="COMPLEXITY" missed="1" covered="2"/><counter type="METHOD" missed="0" covered="2"/><counter type="CLASS" missed="0" covered="1"/></class><class name="org/fcrepo/http/api/FedoraContent"><method name="&lt;init&gt;" desc="()V" line="70"><counter type="INSTRUCTION" missed="0" covered="3"/><counter type="LINE" missed="0" covered="1"/><counter type="COMPLEXITY" missed="0" covered="1"/><counter type="METHOD" missed="0" covered="1"/></method><method name="create" desc="(Ljava/util/List;Ljava/lang/String;Ljava/lang/String;Ljava/lang/String;Ljavax/ws/rs/core/MediaType;Ljava/io/InputStream;)Ljavax/ws/rs/core/Response;" line="94"><counter type="INSTRUCTION" missed="40" covered="106"/><counter type="BRANCH" missed="6" covered="8"/><counter type="LINE" missed="6" covered="20"/><counter type="COMPLEXITY" missed="5" covered="3"/><counter type="METHOD" missed="0" covered="1"/></method><method name="modifyContent" desc="(Ljava/util/List;Ljava/lang/String;Ljava/lang/String;Ljavax/ws/rs/core/MediaType;Ljava/io/InputStream;Ljavax/ws/rs/core/Request;)Ljavax/ws/rs/core/Response;" line="186"><counter type="INSTRUCTION" missed="11" covered="143"/><counter type="BRANCH" missed="4" covered="10"/><counter type="LINE" missed="1" covered="28"/><counter type="COMPLEXITY" missed="3" covered="5"/><counter type="METHOD" missed="0" covered="1"/></method><method name="getContent" desc="(Ljava/util/List;Ljava/lang/String;Ljavax/ws/rs/core/Request;)Ljavax/ws/rs/core/Response;" line="270"><counter type="INSTRUCTION" missed="6" covered="35"/><counter type="LINE" missed="0" covered="6"/><counter type="COMPLEXITY" missed="0" covered="1"/><counter type="METHOD" missed="0" covered="1"/></method><method name="&lt;clinit&gt;" desc="()V" line="75"><counter type="INSTRUCTION" missed="0" covered="4"/><counter type="LINE" missed="0" covered="1"/><counter type="COMPLEXITY" missed="0" covered="1"/><counter type="METHOD" missed="0" covered="1"/></method><counter type="INSTRUCTION" missed="57" covered="291"/><counter type="BRANCH" missed="10" covered="18"/><counter type="LINE" missed="7" covered="56"/><counter type="COMPLEXITY" missed="8" covered="11"/><counter type="METHOD" missed="0" covered="5"/><counter type="CLASS" missed="0" covered="1"/></class><class name="org/fcrepo/http/api/FedoraBatch"><method name="&lt;init&gt;" desc="()V" line="95"><counter type="INSTRUCTION" missed="0" covered="3"/><counter type="LINE" missed="0" covered="1"/><counter type="COMPLEXITY" missed="0" covered="1"/><counter type="METHOD" missed="0" covered="1"/></method><method name="batchModify" desc="(Ljava/util/List;Lcom/sun/jersey/multipart/MultiPart;)Ljavax/ws/rs/core/Response;" line="152"><counter type="INSTRUCTION" missed="68" covered="313"/><counter type="BRANCH" missed="14" covered="30"/><counter type="LINE" missed="8" covered="58"/><counter type="COMPLEXITY" missed="12" covered="13"/><counter type="METHOD" missed="0" covered="1"/></method><method name="batchDelete" desc="(Ljava/util/List;Ljava/util/List;)Ljavax/ws/rs/core/Response;" line="321"><counter type="INSTRUCTION" missed="6" covered="52"/><counter type="BRANCH" missed="0" covered="2"/><counter type="LINE" missed="0" covered="10"/><counter type="COMPLEXITY" missed="0" covered="2"/><counter type="METHOD" missed="0" covered="1"/></method><method name="getBinaryContents" desc="(Ljava/util/List;Ljava/util/List;Ljavax/ws/rs/core/Request;)Ljavax/ws/rs/core/Response;" line="354"><counter type="INSTRUCTION" missed="10" covered="188"/><counter type="BRANCH" missed="3" covered="11"/><counter type="LINE" missed="2" covered="36"/><counter type="COMPLEXITY" missed="3" covered="5"/><counter type="METHOD" missed="0" covered="1"/></method><method name="&lt;clinit&gt;" desc="()V" line="104"><counter type="INSTRUCTION" missed="0" covered="4"/><counter type="LINE" missed="0" covered="1"/><counter type="COMPLEXITY" missed="0" covered="1"/><counter type="METHOD" missed="0" covered="1"/></method><counter type="INSTRUCTION" missed="84" covered="560"/><counter type="BRANCH" missed="17" covered="43"/><counter type="LINE" missed="10" covered="106"/><counter type="COMPLEXITY" missed="15" covered="22"/><counter type="METHOD" missed="0" covered="5"/><counter type="CLASS" missed="0" covered="1"/></class><class name="org/fcrepo/http/api/FedoraSitemap"><method name="&lt;init&gt;" desc="()V" line="64"><counter type="INSTRUCTION" missed="0" covered="3"/><counter type="LINE" missed="0" covered="1"/><counter type="COMPLEXITY" missed="0" covered="1"/><counter type="METHOD" missed="0" covered="1"/></method><method name="getSitemapIndex" desc="()Lorg/fcrepo/http/commons/jaxb/responses/sitemap/SitemapIndex;" line="83"><counter type="INSTRUCTION" missed="6" covered="56"/><counter type="BRANCH" missed="0" covered="2"/><counter type="LINE" missed="0" covered="8"/><counter type="COMPLEXITY" missed="0" covered="2"/><counter type="METHOD" missed="0" covered="1"/></method><method name="getSitemap" desc="(Ljava/lang/String;)Lorg/fcrepo/http/commons/jaxb/responses/sitemap/SitemapUrlSet;" line="119"><counter type="INSTRUCTION" missed="6" covered="33"/><counter type="BRANCH" missed="0" covered="2"/><counter type="LINE" missed="0" covered="8"/><counter type="COMPLEXITY" missed="0" covered="2"/><counter type="METHOD" missed="0" covered="1"/></method><method name="getSitemapEntries" desc="(Ljavax/jcr/Session;J)Ljavax/jcr/query/RowIterator;" line="139"><counter type="INSTRUCTION" missed="0" covered="27"/><counter type="LINE" missed="0" covered="8"/><counter type="COMPLEXITY" missed="0" covered="1"/><counter type="METHOD" missed="0" covered="1"/></method><method name="getSitemapEntry" desc="(Ljavax/jcr/query/Row;)Lorg/fcrepo/http/commons/jaxb/responses/sitemap/SitemapEntry;" line="161"><counter type="INSTRUCTION" missed="10" covered="35"/><counter type="BRANCH" missed="2" covered="2"/><counter type="LINE" missed="2" covered="5"/><counter type="COMPLEXITY" missed="2" covered="1"/><counter type="METHOD" missed="0" covered="1"/></method><method name="&lt;clinit&gt;" desc="()V" line="69"><counter type="INSTRUCTION" missed="0" covered="4"/><counter type="LINE" missed="0" covered="1"/><counter type="COMPLEXITY" missed="0" covered="1"/><counter type="METHOD" missed="0" covered="1"/></method><counter type="INSTRUCTION" missed="22" covered="158"/><counter type="BRANCH" missed="2" covered="6"/><counter type="LINE" missed="2" covered="31"/><counter type="COMPLEXITY" missed="2" covered="8"/><counter type="METHOD" missed="0" covered="6"/><counter type="CLASS" missed="0" covered="1"/></class><class name="org/fcrepo/http/api/ContentExposingResource"><method name="&lt;init&gt;" desc="()V" line="45"><counter type="INSTRUCTION" missed="0" covered="3"/><counter type="LINE" missed="0" covered="1"/><counter type="COMPLEXITY" missed="0" covered="1"/><counter type="METHOD" missed="0" covered="1"/></method><method name="getDatastreamContentResponse" desc="(Lorg/fcrepo/kernel/Datastream;Ljava/lang/String;Ljavax/ws/rs/core/Request;Lorg/fcrepo/http/commons/api/rdf/HttpGraphSubjects;)Ljavax/ws/rs/core/Response;" line="58"><counter type="INSTRUCTION" missed="11" covered="169"/><counter type="BRANCH" missed="5" covered="9"/><counter type="LINE" missed="1" covered="24"/><counter type="COMPLEXITY" missed="4" covered="4"/><counter type="METHOD" missed="0" covered="1"/></method><counter type="INSTRUCTION" missed="11" covered="172"/><counter type="BRANCH" missed="5" covered="9"/><counter type="LINE" missed="1" covered="25"/><counter type="COMPLEXITY" missed="4" covered="5"/><counter type="METHOD" missed="0" covered="2"/><counter type="CLASS" missed="0" covered="1"/></class><class name="org/fcrepo/http/api/FedoraIdentifiers$2"><method name="&lt;init&gt;" desc="(Lorg/fcrepo/kernel/rdf/GraphSubjects;Lcom/hp/hpl/jena/graph/Node;)V" line="132"><counter type="INSTRUCTION" missed="0" covered="9"/><counter type="LINE" missed="0" covered="1"/><counter type="COMPLEXITY" missed="0" covered="1"/><counter type="METHOD" missed="0" covered="1"/></method><method name="apply" desc="(Ljava/lang/String;)Lcom/hp/hpl/jena/graph/Triple;" line="138"><counter type="INSTRUCTION" missed="4" covered="13"/><counter type="LINE" missed="2" covered="2"/><counter type="COMPLEXITY" missed="0" covered="1"/><counter type="METHOD" missed="0" covered="1"/></method><counter type="INSTRUCTION" missed="4" covered="22"/><counter type="LINE" missed="2" covered="3"/><counter type="COMPLEXITY" missed="0" covered="2"/><counter type="METHOD" missed="0" covered="2"/><counter type="CLASS" missed="0" covered="1"/></class><class name="org/fcrepo/http/api/FedoraVersions"><method name="&lt;init&gt;" desc="()V" line="75"><counter type="INSTRUCTION" missed="0" covered="6"/><counter type="LINE" missed="0" covered="2"/><counter type="COMPLEXITY" missed="0" covered="1"/><counter type="METHOD" missed="0" covered="1"/></method><method name="getVersionList" desc="(Ljava/util/List;Ljavax/ws/rs/core/Request;Ljavax/ws/rs/core/UriInfo;)Lorg/fcrepo/kernel/utils/iterators/RdfStream;" line="104"><counter type="INSTRUCTION" missed="0" covered="29"/><counter type="LINE" missed="0" covered="4"/><counter type="COMPLEXITY" missed="0" covered="1"/><counter type="METHOD" missed="0" covered="1"/></method><method name="addVersion" desc="(Ljava/util/List;Ljava/lang/String;)Ljavax/ws/rs/core/Response;" line="130"><counter type="INSTRUCTION" missed="0" covered="6"/><counter type="LINE" missed="0" covered="1"/><counter type="COMPLEXITY" missed="0" covered="1"/><counter type="METHOD" missed="0" covered="1"/></method><method name="addVersion" desc="(Ljava/util/List;)Ljavax/ws/rs/core/Response;" line="139"><counter type="INSTRUCTION" missed="0" covered="6"/><counter type="LINE" missed="0" covered="1"/><counter type="COMPLEXITY" missed="0" covered="1"/><counter type="METHOD" missed="0" covered="1"/></method><method name="addVersion" desc="(Ljava/lang/String;Ljava/lang/String;)Ljavax/ws/rs/core/Response;" line="144"><counter type="INSTRUCTION" missed="6" covered="28"/><counter type="BRANCH" missed="0" covered="2"/><counter type="LINE" missed="0" covered="6"/><counter type="COMPLEXITY" missed="0" covered="2"/><counter type="METHOD" missed="0" covered="1"/></method><method name="getVersion" desc="(Ljava/util/List;Ljava/lang/String;Ljavax/ws/rs/core/Request;Ljavax/ws/rs/core/UriInfo;)Lorg/fcrepo/kernel/utils/iterators/RdfStream;" line="180"><counter type="INSTRUCTION" missed="0" covered="44"/><counter type="BRANCH" missed="0" covered="2"/><counter type="LINE" missed="0" covered="7"/><counter type="COMPLEXITY" missed="0" covered="2"/><counter type="METHOD" missed="0" covered="1"/></method><method name="getHistoricContent" desc="(Ljava/util/List;Ljava/lang/String;Ljavax/ws/rs/core/Request;)Ljavax/ws/rs/core/Response;" line="207"><counter type="INSTRUCTION" missed="6" covered="43"/><counter type="LINE" missed="0" covered="6"/><counter type="COMPLEXITY" missed="0" covered="1"/><counter type="METHOD" missed="0" covered="1"/></method><method name="nodeTranslator" desc="()Lorg/fcrepo/http/api/versioning/VersionAwareHttpGraphSubjects;" line="226"><counter type="INSTRUCTION" missed="0" covered="12"/><counter type="LINE" missed="0" covered="1"/><counter type="COMPLEXITY" missed="0" covered="1"/><counter type="METHOD" missed="0" covered="1"/></method><method name="&lt;clinit&gt;" desc="()V" line="83"><counter type="INSTRUCTION" missed="0" covered="4"/><counter type="LINE" missed="0" covered="1"/><counter type="COMPLEXITY" missed="0" covered="1"/><counter type="METHOD" missed="0" covered="1"/></method><counter type="INSTRUCTION" missed="12" covered="178"/><counter type="BRANCH" missed="0" covered="4"/><counter type="LINE" missed="0" covered="29"/><counter type="COMPLEXITY" missed="0" covered="11"/><counter type="METHOD" missed="0" covered="9"/><counter type="CLASS" missed="0" covered="1"/></class><class name="org/fcrepo/http/api/FedoraTransactions"><method name="&lt;init&gt;" desc="()V" line="55"><counter type="INSTRUCTION" missed="0" covered="3"/><counter type="LINE" missed="0" covered="1"/><counter type="COMPLEXITY" missed="0" covered="1"/><counter type="METHOD" missed="0" covered="1"/></method><method name="createTransaction" desc="(Ljava/util/List;Ljavax/servlet/http/HttpServletRequest;)Ljavax/ws/rs/core/Response;" line="77"><counter type="INSTRUCTION" missed="20" covered="51"/><counter type="BRANCH" missed="3" covered="3"/><counter type="LINE" missed="4" covered="9"/><counter type="COMPLEXITY" missed="3" covered="1"/><counter type="METHOD" missed="0" covered="1"/></method><method name="commit" desc="(Ljava/util/List;)Ljavax/ws/rs/core/Response;" line="118"><counter type="INSTRUCTION" missed="0" covered="5"/><counter type="LINE" missed="0" covered="1"/><counter type="COMPLEXITY" missed="0" covered="1"/><counter type="METHOD" missed="0" covered="1"/></method><method name="rollback" desc="(Ljava/util/List;)Ljavax/ws/rs/core/Response;" line="130"><counter type="INSTRUCTION" missed="0" covered="5"/><counter type="LINE" missed="0" covered="1"/><counter type="COMPLEXITY" missed="0" covered="1"/><counter type="METHOD" missed="0" covered="1"/></method><method name="finalizeTransaction" desc="(Ljava/util/List;Z)Ljavax/ws/rs/core/Response;" line="137"><counter type="INSTRUCTION" missed="15" covered="46"/><counter type="BRANCH" missed="3" covered="5"/><counter type="LINE" missed="4" covered="11"/><counter type="COMPLEXITY" missed="3" covered="2"/><counter type="METHOD" missed="0" covered="1"/></method><method name="&lt;clinit&gt;" desc="()V" line="57"><counter type="INSTRUCTION" missed="0" covered="4"/><counter type="LINE" missed="0" covered="1"/><counter type="COMPLEXITY" missed="0" covered="1"/><counter type="METHOD" missed="0" covered="1"/></method><counter type="INSTRUCTION" missed="35" covered="114"/><counter type="BRANCH" missed="6" covered="8"/><counter type="LINE" missed="8" covered="24"/><counter type="COMPLEXITY" missed="6" covered="7"/><counter type="METHOD" missed="0" covered="6"/><counter type="CLASS" missed="0" covered="1"/></class><class name="org/fcrepo/http/api/FedoraNodes"><method name="&lt;init&gt;" desc="()V" line="122"><counter type="INSTRUCTION" missed="0" covered="3"/><counter type="LINE" missed="0" covered="1"/><counter type="COMPLEXITY" missed="0" covered="1"/><counter type="METHOD" missed="0" covered="1"/></method><method name="describe" desc="(Ljava/util/List;IILjava/lang/String;Ljavax/ws/rs/core/Request;Ljavax/servlet/http/HttpServletResponse;Ljavax/ws/rs/core/UriInfo;)Lorg/fcrepo/kernel/utils/iterators/RdfStream;" line="155"><counter type="INSTRUCTION" missed="0" covered="242"/><counter type="BRANCH" missed="1" covered="13"/><counter type="LINE" missed="0" covered="32"/><counter type="COMPLEXITY" missed="1" covered="7"/><counter type="METHOD" missed="0" covered="1"/></method><method name="updateSparql" desc="(Ljava/util/List;Ljavax/ws/rs/core/UriInfo;Ljava/io/InputStream;Ljavax/ws/rs/core/Request;)Ljavax/ws/rs/core/Response;" line="251"><counter type="INSTRUCTION" missed="23" covered="100"/><counter type="BRANCH" missed="3" covered="5"/><counter type="LINE" missed="2" covered="20"/><counter type="COMPLEXITY" missed="3" covered="2"/><counter type="METHOD" missed="0" covered="1"/></method><method name="createOrReplaceObjectRdf" desc="(Ljava/util/List;Ljavax/ws/rs/core/UriInfo;Ljavax/ws/rs/core/MediaType;Ljava/io/InputStream;Ljavax/ws/rs/core/Request;)Ljavax/ws/rs/core/Response;" line="326"><counter type="INSTRUCTION" missed="12" covered="120"/><counter type="BRANCH" missed="4" covered="6"/><counter type="LINE" missed="1" covered="22"/><counter type="COMPLEXITY" missed="4" covered="2"/><counter type="METHOD" missed="0" covered="1"/></method><method name="createObject" desc="(Ljava/util/List;Ljava/lang/String;Ljava/lang/String;Ljava/lang/String;Ljavax/ws/rs/core/MediaType;Ljava/lang/String;Ljavax/ws/rs/core/UriInfo;Ljava/io/InputStream;)Ljavax/ws/rs/core/Response;" line="406"><counter type="INSTRUCTION" missed="73" covered="236"/><counter type="BRANCH" missed="11" covered="33"/><counter type="LINE" missed="7" covered="50"/><counter type="COMPLEXITY" missed="10" covered="14"/><counter type="METHOD" missed="0" covered="1"/></method><method name="createObjectFromFormPost" desc="(Ljava/util/List;Ljava/lang/String;Ljava/lang/String;Ljavax/ws/rs/core/UriInfo;Ljava/io/InputStream;)Ljavax/ws/rs/core/Response;" line="560"><counter type="INSTRUCTION" missed="0" covered="11"/><counter type="LINE" missed="0" covered="1"/><counter type="COMPLEXITY" missed="0" covered="1"/><counter type="METHOD" missed="0" covered="1"/></method><method name="deleteObject" desc="(Ljava/util/List;Ljavax/ws/rs/core/Request;)Ljavax/ws/rs/core/Response;" line="579"><counter type="INSTRUCTION" missed="0" covered="70"/><counter type="BRANCH" missed="1" covered="3"/><counter type="LINE" missed="0" covered="14"/><counter type="COMPLEXITY" missed="1" covered="2"/><counter type="METHOD" missed="0" covered="1"/></method><method name="copyObject" desc="(Ljava/util/List;Ljava/lang/String;)Ljavax/ws/rs/core/Response;" line="619"><counter type="INSTRUCTION" missed="50" covered="53"/><counter type="BRANCH" missed="2" covered="2"/><counter type="LINE" missed="6" covered="9"/><counter type="COMPLEXITY" missed="2" covered="1"/><counter type="METHOD" missed="0" covered="1"/></method><method name="moveObject" desc="(Ljava/util/List;Ljava/lang/String;Ljavax/ws/rs/core/Request;)Ljavax/ws/rs/core/Response;" line="662"><counter type="INSTRUCTION" missed="44" covered="104"/><counter type="BRANCH" missed="3" covered="5"/><counter type="LINE" missed="6" covered="19"/><counter type="COMPLEXITY" missed="3" covered="2"/><counter type="METHOD" missed="0" covered="1"/></method><method name="&lt;clinit&gt;" desc="()V" line="130"><counter type="INSTRUCTION" missed="0" covered="4"/><counter type="LINE" missed="0" covered="1"/><counter type="COMPLEXITY" missed="0" covered="1"/><counter type="METHOD" missed="0" covered="1"/></method><counter type="INSTRUCTION" missed="202" covered="943"/><counter type="BRANCH" missed="25" covered="67"/><counter type="LINE" missed="22" covered="169"/><counter type="COMPLEXITY" missed="24" covered="33"/><counter type="METHOD" missed="0" covered="10"/><counter type="CLASS" missed="0" covered="1"/></class><class name="org/fcrepo/http/api/FedoraIdentifiers"><method name="&lt;init&gt;" desc="()V" line="74"><counter type="INSTRUCTION" missed="0" covered="3"/><counter type="LINE" missed="0" covered="1"/><counter type="COMPLEXITY" missed="0" covered="1"/><counter type="METHOD" missed="0" covered="1"/></method><method name="getNextPid" desc="(Ljava/util/List;Ljava/lang/Integer;Ljavax/ws/rs/core/UriInfo;)Lorg/fcrepo/kernel/utils/iterators/RdfStream;" line="100"><counter type="INSTRUCTION" missed="0" covered="44"/><counter type="LINE" missed="0" covered="5"/><counter type="COMPLEXITY" missed="0" covered="1"/><counter type="METHOD" missed="0" covered="1"/></method><method name="absolutize" desc="(Ljava/lang/String;)Lcom/google/common/base/Function;" line="120"><counter type="INSTRUCTION" missed="0" covered="5"/><counter type="LINE" missed="0" covered="1"/><counter type="COMPLEXITY" missed="0" covered="1"/><counter type="METHOD" missed="0" covered="1"/></method><method name="identifier2triple" desc="(Lorg/fcrepo/kernel/rdf/GraphSubjects;Lcom/hp/hpl/jena/graph/Node;)Lcom/google/common/base/Function;" line="132"><counter type="INSTRUCTION" missed="0" covered="6"/><counter type="LINE" missed="0" covered="1"/><counter type="COMPLEXITY" missed="0" covered="1"/><counter type="METHOD" missed="0" covered="1"/></method><counter type="INSTRUCTION" missed="0" covered="58"/><counter type="LINE" missed="0" covered="8"/><counter type="COMPLEXITY" missed="0" covered="4"/><counter type="METHOD" missed="0" covered="4"/><counter type="CLASS" missed="0" covered="1"/></class><class name="org/fcrepo/http/api/FedoraExport"><method name="&lt;init&gt;" desc="()V" line="53"><counter type="INSTRUCTION" missed="0" covered="3"/><counter type="LINE" missed="0" covered="1"/><counter type="COMPLEXITY" missed="0" covered="1"/><counter type="METHOD" missed="0" covered="1"/></method><method name="exportObject" desc="(Ljava/util/List;Ljava/lang/String;)Ljavax/ws/rs/core/Response;" line="76"><counter type="INSTRUCTION" missed="0" covered="27"/><counter type="LINE" missed="0" covered="4"/><counter type="COMPLEXITY" missed="0" covered="1"/><counter type="METHOD" missed="0" covered="1"/></method><method name="&lt;clinit&gt;" desc="()V" line="61"><counter type="INSTRUCTION" missed="0" covered="4"/><counter type="LINE" missed="0" covered="1"/><counter type="COMPLEXITY" missed="0" covered="1"/><counter type="METHOD" missed="0" covered="1"/></method><counter type="INSTRUCTION" missed="0" covered="34"/><counter type="LINE" missed="0" covered="6"/><counter type="COMPLEXITY" missed="0" covered="3"/><counter type="METHOD" missed="0" covered="3"/><counter type="CLASS" missed="0" covered="1"/></class><class name="org/fcrepo/http/api/FedoraFieldSearch"><method name="&lt;init&gt;" desc="()V" line="82"><counter type="INSTRUCTION" missed="3" covered="0"/><counter type="LINE" missed="1" covered="0"/><counter type="COMPLEXITY" missed="1" covered="0"/><counter type="METHOD" missed="1" covered="0"/></method><method name="searchSubmitHtml" desc="(Ljava/lang/String;JILjavax/servlet/http/HttpServletResponse;Ljavax/ws/rs/core/UriInfo;)Lcom/hp/hpl/jena/query/Dataset;" line="122"><counter type="INSTRUCTION" missed="8" covered="0"/><counter type="LINE" missed="1" covered="0"/><counter type="COMPLEXITY" missed="1" covered="0"/><counter type="METHOD" missed="1" covered="0"/></method><method name="searchSubmitRdf" desc="(Ljava/lang/String;JILjavax/ws/rs/core/Request;Ljavax/servlet/http/HttpServletResponse;Ljavax/ws/rs/core/UriInfo;)Lcom/hp/hpl/jena/query/Dataset;" line="148"><counter type="INSTRUCTION" missed="22" covered="0"/><counter type="BRANCH" missed="2" covered="0"/><counter type="LINE" missed="4" covered="0"/><counter type="COMPLEXITY" missed="2" covered="0"/><counter type="METHOD" missed="1" covered="0"/></method><method name="getSearchDataset" desc="(Ljava/lang/String;JILjavax/servlet/http/HttpServletResponse;Ljavax/ws/rs/core/UriInfo;)Lcom/hp/hpl/jena/query/Dataset;" line="165"><counter type="INSTRUCTION" missed="254" covered="0"/><counter type="BRANCH" missed="6" covered="0"/><counter type="LINE" missed="27" covered="0"/><counter type="COMPLEXITY" missed="4" covered="0"/><counter type="METHOD" missed="1" covered="0"/></method><method name="&lt;clinit&gt;" desc="()V" line="91"><counter type="INSTRUCTION" missed="4" covered="0"/><counter type="LINE" missed="1" covered="0"/><counter type="COMPLEXITY" missed="1" covered="0"/><counter type="METHOD" missed="1" covered="0"/></method><counter type="INSTRUCTION" missed="291" covered="0"/><counter type="BRANCH" missed="8" covered="0"/><counter type="LINE" missed="34" covered="0"/><counter type="COMPLEXITY" missed="9" covered="0"/><counter type="METHOD" missed="5" covered="0"/><counter type="CLASS" missed="1" covered="0"/></class><class name="org/fcrepo/http/api/FedoraExport$1"><method name="&lt;init&gt;" desc="(Lorg/fcrepo/http/api/FedoraExport;Ljava/lang/String;Lorg/fcrepo/serialization/FedoraObjectSerializer;Ljava/lang/String;)V" line="84"><counter type="INSTRUCTION" missed="0" covered="15"/><counter type="LINE" missed="0" covered="1"/><counter type="COMPLEXITY" missed="0" covered="1"/><counter type="METHOD" missed="0" covered="1"/></method><method name="write" desc="(Ljava/io/OutputStream;)V" line="91"><counter type="INSTRUCTION" missed="13" covered="35"/><counter type="LINE" missed="2" covered="7"/><counter type="COMPLEXITY" missed="0" covered="1"/><counter type="METHOD" missed="0" covered="1"/></method><counter type="INSTRUCTION" missed="13" covered="50"/><counter type="LINE" missed="2" covered="8"/><counter type="COMPLEXITY" missed="0" covered="2"/><counter type="METHOD" missed="0" covered="2"/><counter type="CLASS" missed="0" covered="1"/></class><sourcefile name="FedoraContent.java"><line nr="70" mi="0" ci="3" mb="0" cb="0"/><line nr="75" mi="0" ci="4" mb="0" cb="0"/><line nr="94" mi="0" ci="6" mb="0" cb="2"/><line nr="100" mi="0" ci="3" mb="0" cb="0"/><line nr="102" mi="0" ci="7" mb="0" cb="2"/><line nr="105" mi="0" ci="2" mb="1" cb="1"/><line nr="106" mi="3" ci="0" mb="0" cb="0"/><line nr="108" mi="0" ci="4" mb="0" cb="0"/><line nr="111" mi="0" ci="11" mb="0" cb="0"/><line nr="112" mi="0" ci="1" mb="0" cb="0"/><line nr="113" mi="0" ci="2" mb="0" cb="0"/><line nr="117" mi="0" ci="4" mb="0" cb="0"/><line nr="121" mi="0" ci="7" mb="1" cb="1"/><line nr="122" mi="13" ci="0" mb="0" cb="0"/><line nr="128" mi="4" ci="2" mb="3" cb="1"/><line nr="129" mi="6" ci="0" mb="0" cb="0"/><line nr="131" mi="0" ci="2" mb="0" cb="0"/><line nr="136" mi="0" ci="2" mb="1" cb="1"/><line nr="137" mi="5" ci="0" mb="0" cb="0"/><line nr="138" mi="3" ci="0" mb="0" cb="0"/><line nr="139" mi="1" ci="0" mb="0" cb="0"/><line nr="140" mi="0" ci="2" mb="0" cb="0"/><line nr="144" mi="0" ci="12" mb="0" cb="0"/><line nr="149" mi="0" ci="9" mb="0" cb="0"/><line nr="153" mi="0" ci="3" mb="0" cb="0"/><line nr="154" mi="0" ci="4" mb="0" cb="0"/><line nr="155" mi="0" ci="12" mb="0" cb="0"/><line nr="161" mi="5" ci="11" mb="0" cb="0"/><line nr="186" mi="0" ci="3" mb="0" cb="0"/><line nr="187" mi="1" ci="5" mb="1" cb="1"/><line nr="191" mi="0" ci="7" mb="0" cb="2"/><line nr="193" mi="0" ci="7" mb="0" cb="0"/><line nr="196" mi="0" ci="7" mb="0" cb="0"/><line nr="198" mi="0" ci="3" mb="0" cb="0"/><line nr="199" mi="0" ci="4" mb="0" cb="0"/><line nr="200" mi="0" ci="9" mb="0" cb="0"/><line nr="202" mi="0" ci="5" mb="0" cb="0"/><line nr="205" mi="0" ci="2" mb="0" cb="2"/><line nr="206" mi="0" ci="6" mb="0" cb="0"/><line nr="210" mi="0" ci="4" mb="0" cb="0"/><line nr="214" mi="4" ci="2" mb="3" cb="1"/><line nr="215" mi="6" ci="0" mb="0" cb="0"/><line nr="217" mi="0" ci="2" mb="0" cb="0"/><line nr="222" mi="0" ci="2" mb="0" cb="2"/><line nr="223" mi="0" ci="5" mb="0" cb="0"/><line nr="224" mi="0" ci="3" mb="0" cb="0"/><line nr="225" mi="0" ci="1" mb="0" cb="0"/><line nr="226" mi="0" ci="2" mb="0" cb="0"/><line nr="229" mi="0" ci="12" mb="0" cb="0"/><line nr="233" mi="0" ci="3" mb="0" cb="0"/><line nr="234" mi="0" ci="3" mb="0" cb="0"/><line nr="235" mi="0" ci="4" mb="0" cb="0"/><line nr="237" mi="0" ci="2" mb="0" cb="2"/><line nr="238" mi="0" ci="9" mb="0" cb="0"/><line nr="242" mi="0" ci="12" mb="0" cb="0"/><line nr="249" mi="0" ci="3" mb="0" cb="0"/><line nr="251" mi="0" ci="16" mb="0" cb="0"/><line nr="270" mi="0" ci="3" mb="0" cb="0"/><line nr="271" mi="0" ci="4" mb="0" cb="0"/><line nr="273" mi="0" ci="7" mb="0" cb="0"/><line nr="275" mi="0" ci="9" mb="0" cb="0"/><line nr="278" mi="0" ci="7" mb="0" cb="0"/><line nr="282" mi="6" ci="5" mb="0" cb="0"/><counter type="INSTRUCTION" missed="57" covered="291"/><counter type="BRANCH" missed="10" covered="18"/><counter type="LINE" missed="7" covered="56"/><counter type="COMPLEXITY" missed="8" covered="11"/><counter type="METHOD" missed="0" covered="5"/><counter type="CLASS" missed="0" covered="1"/></sourcefile><sourcefile name="FedoraTransactions.java"><line nr="55" mi="0" ci="3" mb="0" cb="0"/><line nr="57" mi="0" ci="4" mb="0" cb="0"/><line nr="77" mi="0" ci="4" mb="0" cb="0"/><line nr="79" mi="0" ci="3" mb="1" cb="1"/><line nr="80" mi="4" ci="0" mb="0" cb="0"/><line nr="83" mi="0" ci="4" mb="1" cb="1"/><line nr="84" mi="8" ci="0" mb="0" cb="0"/><line nr="87" mi="2" ci="0" mb="0" cb="0"/><line nr="88" mi="6" ci="0" mb="0" cb="0"/><line nr="91" mi="0" ci="3" mb="0" cb="0"/><line nr="92" mi="0" ci="2" mb="0" cb="0"/><line nr="93" mi="0" ci="2" mb="1" cb="1"/><line nr="94" mi="0" ci="3" mb="0" cb="0"/><line nr="96" mi="0" ci="7" mb="0" cb="0"/><line nr="98" mi="0" ci="23" mb="0" cb="0"/><line nr="118" mi="0" ci="5" mb="0" cb="0"/><line nr="130" mi="0" ci="5" mb="0" cb="0"/><line nr="137" mi="0" ci="3" mb="0" cb="0"/><line nr="138" mi="0" ci="4" mb="1" cb="1"/><line nr="139" mi="4" ci="0" mb="0" cb="0"/><line nr="143" mi="0" ci="4" mb="1" cb="1"/><line nr="144" mi="0" ci="6" mb="0" cb="0"/><line nr="146" mi="2" ci="0" mb="0" cb="0"/><line nr="149" mi="0" ci="3" mb="1" cb="1"/><line nr="150" mi="5" ci="0" mb="0" cb="0"/><line nr="152" mi="4" ci="0" mb="0" cb="0"/><line nr="155" mi="0" ci="2" mb="0" cb="2"/><line nr="156" mi="0" ci="5" mb="0" cb="0"/><line nr="157" mi="0" ci="6" mb="0" cb="0"/><line nr="160" mi="0" ci="5" mb="0" cb="0"/><line nr="162" mi="0" ci="5" mb="0" cb="0"/><line nr="164" mi="0" ci="3" mb="0" cb="0"/><counter type="INSTRUCTION" missed="35" covered="114"/><counter type="BRANCH" missed="6" covered="8"/><counter type="LINE" missed="8" covered="24"/><counter type="COMPLEXITY" missed="6" covered="7"/><counter type="METHOD" missed="0" covered="6"/><counter type="CLASS" missed="0" covered="1"/></sourcefile><sourcefile name="FedoraNodes.java"><line nr="122" mi="0" ci="3" mb="0" cb="0"/><line nr="130" mi="0" ci="4" mb="0" cb="0"/><line nr="155" mi="0" ci="3" mb="0" cb="0"/><line nr="156" mi="0" ci="4" mb="0" cb="0"/><line nr="158" mi="0" ci="7" mb="0" cb="0"/><line nr="160" mi="0" ci="6" mb="0" cb="0"/><line nr="161" mi="0" ci="3" mb="0" cb="0"/><line nr="162" mi="0" ci="4" mb="0" cb="0"/><line nr="163" mi="0" ci="2" mb="0" cb="2"/><line nr="164" mi="0" ci="9" mb="0" cb="0"/><line nr="166" mi="0" ci="5" mb="0" cb="0"/><line nr="168" mi="0" ci="2" mb="0" cb="2"/><line nr="169" mi="0" ci="4" mb="0" cb="0"/><line nr="170" mi="0" ci="3" mb="0" cb="0"/><line nr="171" mi="0" ci="3" mb="0" cb="0"/><line nr="175" mi="0" ci="12" mb="0" cb="0"/><line nr="178" mi="0" ci="9" mb="0" cb="0"/><line nr="182" mi="0" ci="5" mb="1" cb="3"/><line nr="183" mi="0" ci="3" mb="0" cb="0"/><line nr="185" mi="0" ci="2" mb="0" cb="0"/><line nr="188" mi="0" ci="17" mb="0" cb="0"/><line nr="193" mi="0" ci="3" mb="0" cb="2"/><line nr="194" mi="0" ci="29" mb="0" cb="0"/><line nr="198" mi="0" ci="31" mb="0" cb="0"/><line nr="202" mi="0" ci="31" mb="0" cb="0"/><line nr="208" mi="0" ci="11" mb="0" cb="0"/><line nr="212" mi="0" ci="4" mb="0" cb="2"/><line nr="213" mi="0" ci="5" mb="0" cb="0"/><line nr="216" mi="0" ci="3" mb="0" cb="2"/><line nr="217" mi="0" ci="6" mb="0" cb="0"/><line nr="220" mi="0" ci="4" mb="0" cb="0"/><line nr="221" mi="0" ci="4" mb="0" cb="0"/><line nr="223" mi="0" ci="6" mb="0" cb="0"/><line nr="226" mi="0" ci="2" mb="0" cb="0"/><line nr="251" mi="0" ci="3" mb="0" cb="0"/><line nr="252" mi="0" ci="4" mb="0" cb="0"/><line nr="256" mi="0" ci="2" mb="1" cb="1"/><line nr="258" mi="0" ci="7" mb="0" cb="0"/><line nr="262" mi="0" ci="6" mb="0" cb="0"/><line nr="263" mi="0" ci="3" mb="0" cb="0"/><line nr="264" mi="0" ci="4" mb="0" cb="0"/><line nr="266" mi="0" ci="2" mb="1" cb="1"/><line nr="267" mi="0" ci="9" mb="0" cb="0"/><line nr="270" mi="0" ci="5" mb="0" cb="0"/><line nr="273" mi="0" ci="2" mb="1" cb="1"/><line nr="274" mi="6" ci="0" mb="0" cb="0"/><line nr="277" mi="0" ci="12" mb="0" cb="0"/><line nr="282" mi="0" ci="4" mb="0" cb="0"/><line nr="283" mi="0" ci="3" mb="0" cb="2"/><line nr="284" mi="0" ci="5" mb="0" cb="0"/><line nr="287" mi="0" ci="7" mb="0" cb="0"/><line nr="292" mi="0" ci="3" mb="0" cb="0"/><line nr="293" mi="0" ci="5" mb="0" cb="0"/><line nr="295" mi="0" ci="4" mb="0" cb="0"/><line nr="297" mi="6" ci="0" mb="0" cb="0"/><line nr="301" mi="11" ci="10" mb="0" cb="0"/><line nr="326" mi="0" ci="3" mb="0" cb="0"/><line nr="327" mi="0" ci="4" mb="0" cb="0"/><line nr="330" mi="0" ci="7" mb="0" cb="2"/><line nr="331" mi="0" ci="11" mb="0" cb="0"/><line nr="335" mi="0" ci="7" mb="0" cb="0"/><line nr="338" mi="0" ci="3" mb="0" cb="0"/><line nr="339" mi="0" ci="4" mb="0" cb="0"/><line nr="342" mi="0" ci="6" mb="0" cb="0"/><line nr="344" mi="0" ci="2" mb="1" cb="1"/><line nr="345" mi="0" ci="9" mb="0" cb="0"/><line nr="348" mi="0" ci="5" mb="0" cb="0"/><line nr="351" mi="0" ci="2" mb="1" cb="1"/><line nr="352" mi="6" ci="0" mb="0" cb="0"/><line nr="355" mi="0" ci="8" mb="0" cb="0"/><line nr="357" mi="0" ci="4" mb="2" cb="2"/><line nr="358" mi="0" ci="3" mb="0" cb="0"/><line nr="360" mi="0" ci="5" mb="0" cb="0"/><line nr="363" mi="0" ci="10" mb="0" cb="0"/><line nr="368" mi="0" ci="5" mb="0" cb="0"/><line nr="371" mi="0" ci="3" mb="0" cb="0"/><line nr="372" mi="0" ci="5" mb="0" cb="0"/><line nr="374" mi="0" ci="4" mb="0" cb="0"/><line nr="376" mi="6" ci="10" mb="0" cb="0"/><line nr="406" mi="0" ci="3" mb="0" cb="0"/><line nr="409" mi="0" ci="7" mb="0" cb="2"/><line nr="412" mi="0" ci="2" mb="0" cb="2"/><line nr="413" mi="0" ci="3" mb="0" cb="0"/><line nr="415" mi="0" ci="4" mb="0" cb="0"/><line nr="418" mi="0" ci="11" mb="0" cb="0"/><line nr="419" mi="0" ci="1" mb="0" cb="0"/><line nr="420" mi="0" ci="2" mb="0" cb="0"/><line nr="423" mi="0" ci="4" mb="0" cb="0"/><line nr="426" mi="0" ci="7" mb="1" cb="1"/><line nr="427" mi="13" ci="0" mb="0" cb="0"/><line nr="433" mi="4" ci="2" mb="3" cb="1"/><line nr="434" mi="6" ci="0" mb="0" cb="0"/><line nr="436" mi="0" ci="2" mb="0" cb="0"/><line nr="439" mi="0" ci="8" mb="0" cb="0"/><line nr="443" mi="0" ci="2" mb="0" cb="2"/><line nr="444" mi="0" ci="3" mb="0" cb="0"/><line nr="446" mi="0" ci="2" mb="0" cb="2"/><line nr="447" mi="0" ci="3" mb="0" cb="0"/><line nr="448" mi="0" ci="7" mb="0" cb="4"/><line nr="449" mi="0" ci="3" mb="0" cb="0"/><line nr="451" mi="0" ci="2" mb="0" cb="0"/><line nr="453" mi="0" ci="1" mb="0" cb="0"/><line nr="454" mi="0" ci="2" mb="0" cb="0"/><line nr="460" mi="0" ci="22" mb="4" cb="6"/><line nr="462" mi="0" ci="7" mb="0" cb="0"/><line nr="463" mi="0" ci="1" mb="0" cb="0"/><line nr="465" mi="0" ci="7" mb="0" cb="0"/><line nr="466" mi="0" ci="1" mb="0" cb="0"/><line nr="468" mi="15" ci="0" mb="0" cb="0"/><line nr="472" mi="0" ci="2" mb="1" cb="1"/><line nr="474" mi="0" ci="6" mb="0" cb="2"/><line nr="478" mi="0" ci="3" mb="0" cb="0"/><line nr="480" mi="0" ci="4" mb="0" cb="2"/><line nr="481" mi="0" ci="7" mb="0" cb="0"/><line nr="482" mi="0" ci="3" mb="0" cb="2"/><line nr="484" mi="0" ci="3" mb="0" cb="0"/><line nr="486" mi="0" ci="2" mb="1" cb="1"/><line nr="487" mi="15" ci="0" mb="0" cb="0"/><line nr="491" mi="0" ci="4" mb="0" cb="0"/><line nr="494" mi="0" ci="10" mb="0" cb="0"/><line nr="500" mi="0" ci="5" mb="0" cb="0"/><line nr="501" mi="0" ci="4" mb="0" cb="2"/><line nr="505" mi="0" ci="2" mb="1" cb="1"/><line nr="506" mi="5" ci="0" mb="0" cb="0"/><line nr="507" mi="3" ci="0" mb="0" cb="0"/><line nr="508" mi="1" ci="0" mb="0" cb="0"/><line nr="509" mi="0" ci="2" mb="0" cb="0"/><line nr="512" mi="0" ci="11" mb="0" cb="0"/><line nr="518" mi="0" ci="3" mb="0" cb="0"/><line nr="519" mi="0" ci="5" mb="0" cb="0"/><line nr="521" mi="0" ci="5" mb="0" cb="0"/><line nr="524" mi="0" ci="3" mb="0" cb="2"/><line nr="525" mi="0" ci="12" mb="0" cb="0"/><line nr="528" mi="0" ci="9" mb="0" cb="0"/><line nr="532" mi="0" ci="7" mb="0" cb="0"/><line nr="535" mi="11" ci="5" mb="0" cb="0"/><line nr="560" mi="0" ci="11" mb="0" cb="0"/><line nr="579" mi="0" ci="3" mb="0" cb="0"/><line nr="581" mi="0" ci="7" mb="0" cb="0"/><line nr="585" mi="0" ci="6" mb="0" cb="0"/><line nr="586" mi="0" ci="3" mb="0" cb="0"/><line nr="587" mi="0" ci="4" mb="0" cb="0"/><line nr="589" mi="0" ci="2" mb="1" cb="1"/><line nr="590" mi="0" ci="9" mb="0" cb="0"/><line nr="593" mi="0" ci="5" mb="0" cb="0"/><line nr="596" mi="0" ci="2" mb="0" cb="2"/><line nr="597" mi="0" ci="6" mb="0" cb="0"/><line nr="600" mi="0" ci="6" mb="0" cb="0"/><line nr="601" mi="0" ci="3" mb="0" cb="0"/><line nr="602" mi="0" ci="3" mb="0" cb="0"/><line nr="604" mi="0" ci="11" mb="0" cb="0"/><line nr="619" mi="0" ci="9" mb="0" cb="0"/><line nr="622" mi="0" ci="8" mb="1" cb="1"/><line nr="623" mi="6" ci="0" mb="0" cb="0"/><line nr="626" mi="0" ci="5" mb="0" cb="0"/><line nr="629" mi="0" ci="2" mb="1" cb="1"/><line nr="630" mi="6" ci="0" mb="0" cb="0"/><line nr="633" mi="0" ci="8" mb="0" cb="0"/><line nr="634" mi="0" ci="3" mb="0" cb="0"/><line nr="635" mi="0" ci="6" mb="0" cb="0"/><line nr="636" mi="0" ci="7" mb="0" cb="0"/><line nr="637" mi="1" ci="0" mb="0" cb="0"/><line nr="638" mi="10" ci="0" mb="0" cb="0"/><line nr="640" mi="1" ci="0" mb="0" cb="0"/><line nr="641" mi="10" ci="0" mb="0" cb="0"/><line nr="645" mi="16" ci="5" mb="0" cb="0"/><line nr="662" mi="0" ci="3" mb="0" cb="0"/><line nr="664" mi="0" ci="7" mb="1" cb="1"/><line nr="665" mi="6" ci="0" mb="0" cb="0"/><line nr="669" mi="0" ci="7" mb="0" cb="0"/><line nr="673" mi="0" ci="6" mb="0" cb="0"/><line nr="674" mi="0" ci="3" mb="0" cb="0"/><line nr="675" mi="0" ci="4" mb="0" cb="0"/><line nr="677" mi="0" ci="2" mb="1" cb="1"/><line nr="678" mi="0" ci="9" mb="0" cb="0"/><line nr="681" mi="0" ci="5" mb="0" cb="0"/><line nr="684" mi="0" ci="2" mb="0" cb="2"/><line nr="685" mi="0" ci="6" mb="0" cb="0"/><line nr="688" mi="0" ci="9" mb="0" cb="0"/><line nr="691" mi="0" ci="5" mb="0" cb="0"/><line nr="694" mi="0" ci="2" mb="1" cb="1"/><line nr="695" mi="6" ci="0" mb="0" cb="0"/><line nr="698" mi="0" ci="7" mb="0" cb="0"/><line nr="699" mi="0" ci="3" mb="0" cb="0"/><line nr="700" mi="0" ci="6" mb="0" cb="0"/><line nr="701" mi="0" ci="7" mb="0" cb="0"/><line nr="702" mi="1" ci="0" mb="0" cb="0"/><line nr="703" mi="10" ci="0" mb="0" cb="0"/><line nr="705" mi="1" ci="0" mb="0" cb="0"/><line nr="706" mi="10" ci="0" mb="0" cb="0"/><line nr="710" mi="10" ci="11" mb="0" cb="0"/><counter type="INSTRUCTION" missed="202" covered="943"/><counter type="BRANCH" missed="25" covered="67"/><counter type="LINE" missed="22" covered="169"/><counter type="COMPLEXITY" missed="24" covered="33"/><counter type="METHOD" missed="0" covered="10"/><counter type="CLASS" missed="0" covered="1"/></sourcefile><sourcefile name="FedoraSitemap.java"><line nr="64" mi="0" ci="3" mb="0" cb="0"/><line nr="69" mi="0" ci="4" mb="0" cb="0"/><line nr="83" mi="0" ci="3" mb="0" cb="0"/><line nr="86" mi="0" ci="7" mb="0" cb="0"/><line nr="89" mi="0" ci="4" mb="0" cb="0"/><line nr="91" mi="0" ci="9" mb="0" cb="2"/><line nr="92" mi="0" ci="23" mb="0" cb="0"/><line nr="98" mi="0" ci="3" mb="0" cb="0"/><line nr="99" mi="0" ci="2" mb="0" cb="0"/><line nr="101" mi="6" ci="5" mb="0" cb="0"/><line nr="119" mi="0" ci="4" mb="0" cb="0"/><line nr="121" mi="0" ci="10" mb="0" cb="0"/><line nr="124" mi="0" ci="3" mb="0" cb="2"/><line nr="125" mi="0" ci="3" mb="0" cb="0"/><line nr="127" mi="0" ci="5" mb="0" cb="0"/><line nr="128" mi="0" ci="1" mb="0" cb="0"/><line nr="130" mi="0" ci="2" mb="0" cb="0"/><line nr="132" mi="6" ci="5" mb="0" cb="0"/><line nr="139" mi="0" ci="4" mb="0" cb="0"/><line nr="143" mi="0" ci="2" mb="0" cb="0"/><line nr="146" mi="0" ci="5" mb="0" cb="0"/><line nr="148" mi="0" ci="5" mb="0" cb="0"/><line nr="149" mi="0" ci="3" mb="0" cb="0"/><line nr="151" mi="0" ci="3" mb="0" cb="0"/><line nr="153" mi="0" ci="3" mb="0" cb="0"/><line nr="155" mi="0" ci="2" mb="0" cb="0"/><line nr="161" mi="0" ci="4" mb="0" cb="0"/><line nr="162" mi="0" ci="4" mb="0" cb="0"/><line nr="164" mi="0" ci="2" mb="1" cb="1"/><line nr="165" mi="5" ci="0" mb="0" cb="0"/><line nr="166" mi="4" ci="0" mb="0" cb="0"/><line nr="168" mi="1" ci="6" mb="1" cb="1"/><line nr="170" mi="0" ci="19" mb="0" cb="0"/><counter type="INSTRUCTION" missed="22" covered="158"/><counter type="BRANCH" missed="2" covered="6"/><counter type="LINE" missed="2" covered="31"/><counter type="COMPLEXITY" missed="2" covered="8"/><counter type="METHOD" missed="0" covered="6"/><counter type="CLASS" missed="0" covered="1"/></sourcefile><sourcefile name="FedoraExport.java"><line nr="53" mi="0" ci="3" mb="0" cb="0"/><line nr="61" mi="0" ci="4" mb="0" cb="0"/><line nr="76" mi="0" ci="3" mb="0" cb="0"/><line nr="78" mi="0" ci="5" mb="0" cb="0"/><line nr="80" mi="0" ci="5" mb="0" cb="0"/><line nr="83" mi="0" ci="14" mb="0" cb="0"/><line nr="84" mi="0" ci="15" mb="0" cb="0"/><line nr="91" mi="0" ci="6" mb="0" cb="0"/><line nr="92" mi="0" ci="5" mb="0" cb="0"/><line nr="93" mi="0" ci="13" mb="0" cb="0"/><line nr="95" mi="0" ci="5" mb="0" cb="0"/><line nr="96" mi="1" ci="0" mb="0" cb="0"/><line nr="97" mi="5" ci="0" mb="0" cb="0"/><line nr="99" mi="7" ci="4" mb="0" cb="0"/><line nr="100" mi="0" ci="1" mb="0" cb="0"/><line nr="101" mi="0" ci="1" mb="0" cb="0"/><counter type="INSTRUCTION" missed="13" covered="84"/><counter type="LINE" missed="2" covered="14"/><counter type="COMPLEXITY" missed="0" covered="5"/><counter type="METHOD" missed="0" covered="5"/><counter type="CLASS" missed="0" covered="2"/></sourcefile><sourcefile name="FedoraIdentifiers.java"><line nr="74" mi="0" ci="3" mb="0" cb="0"/><line nr="100" mi="0" ci="3" mb="0" cb="0"/><line nr="102" mi="0" ci="5" mb="0" cb="0"/><line nr="105" mi="0" ci="11" mb="0" cb="0"/><line nr="109" mi="0" ci="8" mb="0" cb="0"/><line nr="112" mi="0" ci="17" mb="0" cb="0"/><line nr="120" mi="0" ci="11" mb="0" cb="0"/><line nr="124" mi="11" ci="15" mb="1" cb="1"/><line nr="132" mi="0" ci="15" mb="0" cb="0"/><line nr="138" mi="0" ci="6" mb="0" cb="0"/><line nr="140" mi="0" ci="7" mb="0" cb="0"/><line nr="142" mi="1" ci="0" mb="0" cb="0"/><line nr="143" mi="3" ci="0" mb="0" cb="0"/><counter type="INSTRUCTION" missed="15" covered="101"/><counter type="BRANCH" missed="1" covered="1"/><counter type="LINE" missed="2" covered="11"/><counter type="COMPLEXITY" missed="1" covered="8"/><counter type="METHOD" missed="0" covered="8"/><counter type="CLASS" missed="0" covered="3"/></sourcefile><sourcefile name="FedoraImport.java"><line nr="57" mi="0" ci="3" mb="0" cb="0"/><line nr="65" mi="0" ci="4" mb="0" cb="0"/><line nr="87" mi="0" ci="3" mb="0" cb="0"/><line nr="88" mi="0" ci="4" mb="0" cb="0"/><line nr="90" mi="0" ci="9" mb="0" cb="0"/><line nr="94" mi="0" ci="9" mb="0" cb="0"/><line nr="96" mi="0" ci="3" mb="0" cb="0"/><line nr="97" mi="0" ci="13" mb="0" cb="0"/><line nr="101" mi="6" ci="5" mb="0" cb="0"/><counter type="INSTRUCTION" missed="6" covered="53"/><counter type="LINE" missed="0" covered="9"/><counter type="COMPLEXITY" missed="0" covered="3"/><counter type="METHOD" missed="0" covered="3"/><counter type="CLASS" missed="0" covered="1"/></sourcefile><sourcefile name="FedoraBatch.java"><line nr="95" mi="0" ci="3" mb="0" cb="0"/><line nr="104" mi="0" ci="4" mb="0" cb="0"/><line nr="152" mi="0" ci="3" mb="0" cb="0"/><line nr="155" mi="0" ci="6" mb="0" cb="0"/><line nr="156" mi="0" ci="5" mb="0" cb="0"/><line nr="160" mi="0" ci="4" mb="0" cb="0"/><line nr="163" mi="0" ci="11" mb="0" cb="2"/><line nr="164" mi="0" ci="3" mb="0" cb="0"/><line nr="169" mi="0" ci="3" mb="0" cb="0"/><line nr="171" mi="0" ci="6" mb="0" cb="0"/><line nr="173" mi="0" ci="4" mb="0" cb="0"/><line nr="175" mi="0" ci="17" mb="0" cb="0"/><line nr="182" mi="0" ci="4" mb="1" cb="1"/><line nr="184" mi="0" ci="3" mb="1" cb="1"/><line nr="185" mi="3" ci="0" mb="0" cb="0"/><line nr="186" mi="0" ci="7" mb="0" cb="4"/><line nr="188" mi="0" ci="3" mb="0" cb="0"/><line nr="189" mi="0" ci="4" mb="0" cb="2"/><line nr="190" mi="0" ci="3" mb="0" cb="0"/><line nr="192" mi="0" ci="2" mb="0" cb="0"/><line nr="195" mi="0" ci="5" mb="0" cb="0"/><line nr="197" mi="2" ci="0" mb="0" cb="0"/><line nr="201" mi="0" ci="3" mb="0" cb="0"/><line nr="204" mi="0" ci="3" mb="1" cb="1"/><line nr="205" mi="0" ci="4" mb="0" cb="0"/><line nr="207" mi="0" ci="3" mb="0" cb="0"/><line nr="208" mi="3" ci="1" mb="2" cb="0"/><line nr="209" mi="4" ci="0" mb="0" cb="0"/><line nr="211" mi="4" ci="0" mb="0" cb="0"/><line nr="212" mi="3" ci="0" mb="0" cb="0"/><line nr="218" mi="0" ci="4" mb="0" cb="2"/><line nr="219" mi="0" ci="4" mb="0" cb="0"/><line nr="221" mi="0" ci="2" mb="0" cb="0"/><line nr="224" mi="0" ci="7" mb="0" cb="0"/><line nr="226" mi="0" ci="29" mb="5" cb="9"/><line nr="229" mi="0" ci="9" mb="0" cb="0"/><line nr="233" mi="0" ci="7" mb="0" cb="2"/><line nr="234" mi="0" ci="8" mb="0" cb="0"/><line nr="236" mi="0" ci="7" mb="0" cb="0"/><line nr="239" mi="0" ci="4" mb="0" cb="2"/><line nr="240" mi="0" ci="7" mb="0" cb="0"/><line nr="241" mi="0" ci="3" mb="1" cb="1"/><line nr="242" mi="0" ci="3" mb="0" cb="0"/><line nr="244" mi="0" ci="4" mb="0" cb="0"/><line nr="246" mi="0" ci="10" mb="0" cb="0"/><line nr="252" mi="0" ci="5" mb="0" cb="0"/><line nr="253" mi="0" ci="1" mb="0" cb="0"/><line nr="254" mi="15" ci="0" mb="0" cb="0"/><line nr="258" mi="0" ci="5" mb="0" cb="0"/><line nr="260" mi="0" ci="1" mb="0" cb="0"/><line nr="266" mi="0" ci="6" mb="0" cb="0"/><line nr="268" mi="4" ci="2" mb="3" cb="1"/><line nr="269" mi="6" ci="0" mb="0" cb="0"/><line nr="271" mi="0" ci="2" mb="0" cb="0"/><line nr="274" mi="0" ci="16" mb="0" cb="0"/><line nr="278" mi="0" ci="1" mb="0" cb="0"/><line nr="281" mi="0" ci="6" mb="0" cb="0"/><line nr="282" mi="0" ci="1" mb="0" cb="0"/><line nr="285" mi="13" ci="0" mb="0" cb="0"/><line nr="288" mi="0" ci="1" mb="0" cb="0"/><line nr="290" mi="0" ci="3" mb="0" cb="0"/><line nr="291" mi="0" ci="6" mb="0" cb="0"/><line nr="292" mi="0" ci="10" mb="0" cb="2"/><line nr="293" mi="0" ci="4" mb="0" cb="0"/><line nr="294" mi="0" ci="1" mb="0" cb="0"/><line nr="296" mi="0" ci="9" mb="0" cb="0"/><line nr="299" mi="0" ci="13" mb="0" cb="0"/><line nr="304" mi="11" ci="5" mb="0" cb="0"/><line nr="321" mi="0" ci="3" mb="0" cb="0"/><line nr="322" mi="0" ci="10" mb="0" cb="2"/><line nr="323" mi="0" ci="11" mb="0" cb="0"/><line nr="324" mi="0" ci="4" mb="0" cb="0"/><line nr="325" mi="0" ci="6" mb="0" cb="0"/><line nr="326" mi="0" ci="1" mb="0" cb="0"/><line nr="327" mi="0" ci="3" mb="0" cb="0"/><line nr="328" mi="0" ci="6" mb="0" cb="0"/><line nr="329" mi="0" ci="3" mb="0" cb="0"/><line nr="331" mi="6" ci="5" mb="0" cb="0"/><line nr="354" mi="0" ci="4" mb="0" cb="0"/><line nr="357" mi="0" ci="3" mb="0" cb="0"/><line nr="360" mi="0" ci="8" mb="0" cb="0"/><line nr="362" mi="0" ci="4" mb="0" cb="0"/><line nr="364" mi="0" ci="3" mb="0" cb="0"/><line nr="368" mi="0" ci="3" mb="0" cb="2"/><line nr="369" mi="0" ci="4" mb="0" cb="0"/><line nr="371" mi="0" ci="9" mb="0" cb="0"/><line nr="377" mi="0" ci="5" mb="0" cb="2"/><line nr="378" mi="0" ci="4" mb="0" cb="0"/><line nr="383" mi="0" ci="3" mb="0" cb="2"/><line nr="385" mi="0" ci="3" mb="0" cb="0"/><line nr="386" mi="0" ci="5" mb="0" cb="0"/><line nr="388" mi="0" ci="3" mb="1" cb="1"/><line nr="389" mi="1" ci="0" mb="0" cb="0"/><line nr="392" mi="0" ci="7" mb="0" cb="0"/><line nr="395" mi="0" ci="5" mb="1" cb="1"/><line nr="396" mi="3" ci="0" mb="0" cb="0"/><line nr="399" mi="0" ci="4" mb="0" cb="0"/><line nr="400" mi="0" ci="1" mb="0" cb="0"/><line nr="402" mi="0" ci="6" mb="0" cb="0"/><line nr="404" mi="0" ci="6" mb="0" cb="0"/><line nr="406" mi="0" ci="4" mb="0" cb="0"/><line nr="407" mi="0" ci="9" mb="0" cb="0"/><line nr="409" mi="0" ci="5" mb="0" cb="0"/><line nr="412" mi="0" ci="4" mb="0" cb="0"/><line nr="413" mi="0" ci="3" mb="0" cb="0"/><line nr="414" mi="0" ci="3" mb="0" cb="0"/><line nr="416" mi="0" ci="2" mb="1" cb="1"/><line nr="417" mi="0" ci="4" mb="0" cb="0"/><line nr="419" mi="0" ci="10" mb="0" cb="2"/><line nr="420" mi="0" ci="9" mb="0" cb="0"/><line nr="423" mi="0" ci="17" mb="0" cb="0"/><line nr="428" mi="0" ci="4" mb="0" cb="0"/><line nr="429" mi="0" ci="1" mb="0" cb="0"/><line nr="431" mi="0" ci="4" mb="0" cb="0"/><line nr="434" mi="0" ci="9" mb="0" cb="0"/><line nr="438" mi="6" ci="10" mb="0" cb="0"/><counter type="INSTRUCTION" missed="84" covered="560"/><counter type="BRANCH" missed="17" covered="43"/><counter type="LINE" missed="10" covered="106"/><counter type="COMPLEXITY" missed="15" covered="22"/><counter type="METHOD" missed="0" covered="5"/><counter type="CLASS" missed="0" covered="1"/></sourcefile><sourcefile name="ContentExposingResource.java"><line nr="45" mi="0" ci="3" mb="0" cb="0"/><line nr="58" mi="0" ci="7" mb="0" cb="0"/><line nr="60" mi="0" ci="3" mb="0" cb="0"/><line nr="61" mi="0" ci="4" mb="0" cb="0"/><line nr="62" mi="0" ci="9" mb="0" cb="0"/><line nr="63" mi="0" ci="5" mb="0" cb="0"/><line nr="66" mi="0" ci="4" mb="0" cb="0"/><line nr="67" mi="0" ci="3" mb="0" cb="0"/><line nr="68" mi="0" ci="3" mb="0" cb="0"/><line nr="70" mi="0" ci="2" mb="0" cb="2"/><line nr="72" mi="0" ci="3" mb="0" cb="0"/><line nr="74" mi="0" ci="6" mb="1" cb="3"/><line nr="76" mi="0" ci="3" mb="0" cb="0"/><line nr="78" mi="0" ci="3" mb="0" cb="0"/><line nr="82" mi="0" ci="5" mb="1" cb="1"/><line nr="83" mi="6" ci="0" mb="0" cb="0"/><line nr="85" mi="0" ci="4" mb="0" cb="0"/><line nr="88" mi="0" ci="20" mb="0" cb="0"/><line nr="92" mi="5" ci="10" mb="3" cb="3"/><line nr="94" mi="0" ci="7" mb="0" cb="0"/><line nr="100" mi="0" ci="9" mb="0" cb="0"/><line nr="104" mi="0" ci="8" mb="0" cb="0"/><line nr="111" mi="0" ci="1" mb="0" cb="0"/><line nr="112" mi="0" ci="3" mb="0" cb="0"/><line nr="116" mi="0" ci="16" mb="0" cb="0"/><line nr="123" mi="0" ci="31" mb="0" cb="0"/><counter type="INSTRUCTION" missed="11" covered="172"/><counter type="BRANCH" missed="5" covered="9"/><counter type="LINE" missed="1" covered="25"/><counter type="COMPLEXITY" missed="4" covered="5"/><counter type="METHOD" missed="0" covered="2"/><counter type="CLASS" missed="0" covered="1"/></sourcefile><sourcefile name="FedoraVersions.java"><line nr="75" mi="0" ci="2" mb="0" cb="0"/><line nr="80" mi="0" ci="4" mb="0" cb="0"/><line nr="83" mi="0" ci="4" mb="0" cb="0"/><line nr="104" mi="0" ci="3" mb="0" cb="0"/><line nr="106" mi="0" ci="4" mb="0" cb="0"/><line nr="108" mi="0" ci="7" mb="0" cb="0"/><line nr="110" mi="0" ci="15" mb="0" cb="0"/><line nr="130" mi="0" ci="6" mb="0" cb="0"/><line nr="139" mi="0" ci="6" mb="0" cb="0"/><line nr="144" mi="0" ci="7" mb="0" cb="0"/><line nr="146" mi="0" ci="8" mb="0" cb="0"/><line nr="148" mi="0" ci="2" mb="0" cb="2"/><line nr="149" mi="0" ci="3" mb="0" cb="0"/><line nr="151" mi="0" ci="3" mb="0" cb="0"/><line nr="153" mi="6" ci="5" mb="0" cb="0"/><line nr="180" mi="0" ci="3" mb="0" cb="0"/><line nr="181" mi="0" ci="5" mb="0" cb="0"/><line nr="183" mi="0" ci="7" mb="0" cb="0"/><line nr="184" mi="0" ci="2" mb="0" cb="2"/><line nr="185" mi="0" ci="7" mb="0" cb="0"/><line nr="187" mi="0" ci="5" mb="0" cb="0"/><line nr="188" mi="0" ci="15" mb="0" cb="0"/><line nr="207" mi="0" ci="6" mb="0" cb="0"/><line nr="208" mi="0" ci="11" mb="0" cb="0"/><line nr="210" mi="0" ci="5" mb="0" cb="0"/><line nr="212" mi="0" ci="9" mb="0" cb="0"/><line nr="215" mi="0" ci="7" mb="0" cb="0"/><line nr="218" mi="6" ci="5" mb="0" cb="0"/><line nr="226" mi="0" ci="12" mb="0" cb="0"/><counter type="INSTRUCTION" missed="12" covered="178"/><counter type="BRANCH" missed="0" covered="4"/><counter type="LINE" missed="0" covered="29"/><counter type="COMPLEXITY" missed="0" covered="11"/><counter type="METHOD" missed="0" covered="9"/><counter type="CLASS" missed="0" covered="1"/></sourcefile><sourcefile name="FedoraFieldSearch.java"><line nr="82" mi="3" ci="0" mb="0" cb="0"/><line nr="91" mi="4" ci="0" mb="0" cb="0"/><line nr="122" mi="8" ci="0" mb="0" cb="0"/><line nr="148" mi="2" ci="0" mb="2" cb="0"/><line nr="149" mi="3" ci="0" mb="0" cb="0"/><line nr="150" mi="9" ci="0" mb="0" cb="0"/><line nr="154" mi="8" ci="0" mb="0" cb="0"/><line nr="165" mi="19" ci="0" mb="0" cb="0"/><line nr="171" mi="2" ci="0" mb="2" cb="0"/><line nr="172" mi="11" ci="0" mb="0" cb="0"/><line nr="176" mi="18" ci="0" mb="0" cb="0"/><line nr="182" mi="8" ci="0" mb="0" cb="0"/><line nr="184" mi="11" ci="0" mb="0" cb="0"/><line nr="188" mi="2" ci="0" mb="0" cb="0"/><line nr="189" mi="2" ci="0" mb="2" cb="0"/><line nr="190" mi="5" ci="0" mb="0" cb="0"/><line nr="191" mi="6" ci="0" mb="0" cb="0"/><line nr="192" mi="6" ci="0" mb="0" cb="0"/><line nr="193" mi="6" ci="0" mb="0" cb="0"/><line nr="196" mi="8" ci="0" mb="0" cb="0"/><line nr="199" mi="8" ci="0" mb="0" cb="0"/><line nr="202" mi="6" ci="0" mb="0" cb="0"/><line nr="204" mi="9" ci="0" mb="2" cb="0"/><line nr="209" mi="40" ci="0" mb="0" cb="0"/><line nr="218" mi="6" ci="0" mb="0" cb="0"/><line nr="219" mi="1" ci="0" mb="0" cb="0"/><line nr="220" mi="6" ci="0" mb="0" cb="0"/><line nr="223" mi="35" ci="0" mb="0" cb="0"/><line nr="231" mi="4" ci="0" mb="0" cb="0"/><line nr="233" mi="7" ci="0" mb="0" cb="0"/><line nr="235" mi="11" ci="0" mb="0" cb="0"/><line nr="237" mi="4" ci="0" mb="0" cb="0"/><line nr="240" mi="2" ci="0" mb="0" cb="0"/><line nr="243" mi="11" ci="0" mb="0" cb="0"/><counter type="INSTRUCTION" missed="291" covered="0"/><counter type="BRANCH" missed="8" covered="0"/><counter type="LINE" missed="34" covered="0"/><counter type="COMPLEXITY" missed="9" covered="0"/><counter type="METHOD" missed="5" covered="0"/><counter type="CLASS" missed="1" covered="0"/></sourcefile><sourcefile name="FedoraFixity.java"><line nr="62" mi="0" ci="3" mb="0" cb="0"/><line nr="89" mi="0" ci="3" mb="0" cb="0"/><line nr="91" mi="0" ci="7" mb="0" cb="0"/><line nr="93" mi="0" ci="15" mb="0" cb="0"/><counter type="INSTRUCTION" missed="0" covered="28"/><counter type="LINE" missed="0" covered="4"/><counter type="COMPLEXITY" missed="0" covered="2"/><counter type="METHOD" missed="0" covered="2"/><counter type="CLASS" missed="0" covered="1"/></sourcefile><counter type="INSTRUCTION" missed="748" covered="2682"/><counter type="BRANCH" missed="74" covered="156"/><counter type="LINE" missed="88" covered="478"/><counter type="COMPLEXITY" missed="69" covered="115"/><counter type="METHOD" missed="5" covered="61"/><counter type="CLASS" missed="1" covered="14"/></package><package name="org/fcrepo/http/api/repository"><class name="org/fcrepo/http/api/repository/FedoraRepositoryNodeTypes"><method name="&lt;init&gt;" desc="()V" line="62"><counter type="INSTRUCTION" missed="0" covered="3"/><counter type="LINE" missed="0" covered="1"/><counter type="COMPLEXITY" missed="0" covered="1"/><counter type="METHOD" missed="0" covered="1"/></method><method name="getNodeTypes" desc="(Ljavax/ws/rs/core/UriInfo;)Lorg/fcrepo/kernel/utils/iterators/RdfStream;" line="78"><counter type="INSTRUCTION" missed="0" covered="9"/><counter type="LINE" missed="0" covered="1"/><counter type="COMPLEXITY" missed="0" covered="1"/><counter type="METHOD" missed="0" covered="1"/></method><method name="updateCnd" desc="(Ljava/io/InputStream;)Ljavax/ws/rs/core/Response;" line="95"><counter type="INSTRUCTION" missed="6" covered="15"/><counter type="LINE" missed="0" covered="3"/><counter type="COMPLEXITY" missed="0" covered="1"/><counter type="METHOD" missed="0" covered="1"/></method><counter type="INSTRUCTION" missed="6" covered="27"/><counter type="LINE" missed="0" covered="5"/><counter type="COMPLEXITY" missed="0" covered="3"/><counter type="METHOD" missed="0" covered="3"/><counter type="CLASS" missed="0" covered="1"/></class><class name="org/fcrepo/http/api/repository/FedoraRepositoryExport"><method name="&lt;init&gt;" desc="()V" line="35"><counter type="INSTRUCTION" missed="3" covered="0"/><counter type="LINE" missed="1" covered="0"/><counter type="COMPLEXITY" missed="1" covered="0"/><counter type="METHOD" missed="1" covered="0"/></method><counter type="INSTRUCTION" missed="3" covered="0"/><counter type="LINE" missed="1" covered="0"/><counter type="COMPLEXITY" missed="1" covered="0"/><counter type="METHOD" missed="1" covered="0"/><counter type="CLASS" missed="1" covered="0"/></class><class name="org/fcrepo/http/api/repository/FedoraRepositoryBackup"><method name="&lt;init&gt;" desc="()V" line="46"><counter type="INSTRUCTION" missed="0" covered="3"/><counter type="LINE" missed="0" covered="1"/><counter type="COMPLEXITY" missed="0" covered="1"/><counter type="METHOD" missed="0" covered="1"/></method><method name="runBackup" desc="(Ljava/io/InputStream;)Ljava/lang/String;" line="64"><counter type="INSTRUCTION" missed="68" covered="46"/><counter type="BRANCH" missed="7" covered="5"/><counter type="LINE" missed="11" covered="11"/><counter type="COMPLEXITY" missed="6" covered="1"/><counter type="METHOD" missed="0" covered="1"/></method><method name="&lt;clinit&gt;" desc="()V" line="48"><counter type="INSTRUCTION" missed="0" covered="4"/><counter type="LINE" missed="0" covered="1"/><counter type="COMPLEXITY" missed="0" covered="1"/><counter type="METHOD" missed="0" covered="1"/></method><counter type="INSTRUCTION" missed="68" covered="53"/><counter type="BRANCH" missed="7" covered="5"/><counter type="LINE" missed="11" covered="13"/><counter type="COMPLEXITY" missed="6" covered="3"/><counter type="METHOD" missed="0" covered="3"/><counter type="CLASS" missed="0" covered="1"/></class><class name="org/fcrepo/http/api/repository/FedoraRepositoryWorkspaces"><method name="&lt;init&gt;" desc="()V" line="69"><counter type="INSTRUCTION" missed="0" covered="3"/><counter type="LINE" missed="0" covered="1"/><counter type="COMPLEXITY" missed="0" covered="1"/><counter type="METHOD" missed="0" covered="1"/></method><method name="getWorkspaces" desc="()Lorg/fcrepo/kernel/utils/iterators/RdfStream;" line="87"><counter type="INSTRUCTION" missed="0" covered="19"/><counter type="LINE" missed="0" covered="2"/><counter type="COMPLEXITY" missed="0" covered="1"/><counter type="METHOD" missed="0" covered="1"/></method><method name="createWorkspace" desc="(Ljava/lang/String;Ljavax/ws/rs/core/UriInfo;)Ljavax/ws/rs/core/Response;" line="109"><counter type="INSTRUCTION" missed="14" covered="38"/><counter type="BRANCH" missed="1" covered="1"/><counter type="LINE" missed="1" covered="6"/><counter type="COMPLEXITY" missed="1" covered="1"/><counter type="METHOD" missed="0" covered="1"/></method><method name="deleteWorkspace" desc="(Ljava/lang/String;)Ljavax/ws/rs/core/Response;" line="139"><counter type="INSTRUCTION" missed="0" covered="31"/><counter type="BRANCH" missed="0" covered="2"/><counter type="LINE" missed="0" covered="6"/><counter type="COMPLEXITY" missed="0" covered="2"/><counter type="METHOD" missed="0" covered="1"/></method><counter type="INSTRUCTION" missed="14" covered="91"/><counter type="BRANCH" missed="1" covered="3"/><counter type="LINE" missed="1" covered="15"/><counter type="COMPLEXITY" missed="1" covered="5"/><counter type="METHOD" missed="0" covered="4"/><counter type="CLASS" missed="0" covered="1"/></class><class name="org/fcrepo/http/api/repository/FedoraRepositoriesProperties"><method name="&lt;init&gt;" desc="()V" line="58"><counter type="INSTRUCTION" missed="3" covered="0"/><counter type="LINE" missed="1" covered="0"/><counter type="COMPLEXITY" missed="1" covered="0"/><counter type="METHOD" missed="1" covered="0"/></method><method name="updateSparql" desc="(Ljava/io/InputStream;)Ljavax/ws/rs/core/Response;" line="80"><counter type="INSTRUCTION" missed="77" covered="0"/><counter type="BRANCH" missed="4" covered="0"/><counter type="LINE" missed="11" covered="0"/><counter type="COMPLEXITY" missed="3" covered="0"/><counter type="METHOD" missed="1" covered="0"/></method><method name="&lt;clinit&gt;" desc="()V" line="63"><counter type="INSTRUCTION" missed="4" covered="0"/><counter type="LINE" missed="1" covered="0"/><counter type="COMPLEXITY" missed="1" covered="0"/><counter type="METHOD" missed="1" covered="0"/></method><counter type="INSTRUCTION" missed="84" covered="0"/><counter type="BRANCH" missed="4" covered="0"/><counter type="LINE" missed="13" covered="0"/><counter type="COMPLEXITY" missed="5" covered="0"/><counter type="METHOD" missed="3" covered="0"/><counter type="CLASS" missed="1" covered="0"/></class><class name="org/fcrepo/http/api/repository/FedoraRepositoryNamespaces"><method name="&lt;init&gt;" desc="()V" line="69"><counter type="INSTRUCTION" missed="0" covered="3"/><counter type="LINE" missed="0" covered="1"/><counter type="COMPLEXITY" missed="0" covered="1"/><counter type="METHOD" missed="0" covered="1"/></method><method name="updateNamespaces" desc="(Ljava/io/InputStream;)Ljavax/ws/rs/core/Response;" line="87"><counter type="INSTRUCTION" missed="6" covered="22"/><counter type="LINE" missed="0" covered="5"/><counter type="COMPLEXITY" missed="0" covered="1"/><counter type="METHOD" missed="0" covered="1"/></method><method name="getNamespaces" desc="()Lorg/fcrepo/kernel/utils/iterators/RdfStream;" line="107"><counter type="INSTRUCTION" missed="0" covered="9"/><counter type="LINE" missed="0" covered="1"/><counter type="COMPLEXITY" missed="0" covered="1"/><counter type="METHOD" missed="0" covered="1"/></method><counter type="INSTRUCTION" missed="6" covered="34"/><counter type="LINE" missed="0" covered="7"/><counter type="COMPLEXITY" missed="0" covered="3"/><counter type="METHOD" missed="0" covered="3"/><counter type="CLASS" missed="0" covered="1"/></class><class name="org/fcrepo/http/api/repository/FedoraRepositoryRestore"><method name="&lt;init&gt;" desc="()V" line="51"><counter type="INSTRUCTION" missed="0" covered="3"/><counter type="LINE" missed="0" covered="1"/><counter type="COMPLEXITY" missed="0" covered="1"/><counter type="METHOD" missed="0" covered="1"/></method><method name="runRestore" desc="(Ljava/io/InputStream;)Ljavax/ws/rs/core/Response;" line="69"><counter type="INSTRUCTION" missed="66" covered="33"/><counter type="BRANCH" missed="5" covered="3"/><counter type="LINE" missed="9" covered="8"/><counter type="COMPLEXITY" missed="4" covered="1"/><counter type="METHOD" missed="0" covered="1"/></method><method name="&lt;clinit&gt;" desc="()V" line="53"><counter type="INSTRUCTION" missed="0" covered="4"/><counter type="LINE" missed="0" covered="1"/><counter type="COMPLEXITY" missed="0" covered="1"/><counter type="METHOD" missed="0" covered="1"/></method><counter type="INSTRUCTION" missed="66" covered="40"/><counter type="BRANCH" missed="5" covered="3"/><counter type="LINE" missed="9" covered="10"/><counter type="COMPLEXITY" missed="4" covered="3"/><counter type="METHOD" missed="0" covered="3"/><counter type="CLASS" missed="0" covered="1"/></class><class name="org/fcrepo/http/api/repository/FedoraRepositoryImport"><method name="&lt;init&gt;" desc="()V" line="35"><counter type="INSTRUCTION" missed="0" covered="3"/><counter type="LINE" missed="0" covered="1"/><counter type="COMPLEXITY" missed="0" covered="1"/><counter type="METHOD" missed="0" covered="1"/></method><counter type="INSTRUCTION" missed="0" covered="3"/><counter type="LINE" missed="0" covered="1"/><counter type="COMPLEXITY" missed="0" covered="1"/><counter type="METHOD" missed="0" covered="1"/><counter type="CLASS" missed="0" covered="1"/></class><class name="org/fcrepo/http/api/repository/FedoraRepositoryTransactions"><method name="&lt;init&gt;" desc="()V" line="35"><counter type="INSTRUCTION" missed="0" covered="3"/><counter type="LINE" missed="0" covered="1"/><counter type="COMPLEXITY" missed="0" covered="1"/><counter type="METHOD" missed="0" covered="1"/></method><counter type="INSTRUCTION" missed="0" covered="3"/><counter type="LINE" missed="0" covered="1"/><counter type="COMPLEXITY" missed="0" covered="1"/><counter type="METHOD" missed="0" covered="1"/><counter type="CLASS" missed="0" covered="1"/></class><class name="org/fcrepo/http/api/repository/FedoraRepositoryIdentifiers"><method name="&lt;init&gt;" desc="()V" line="35"><counter type="INSTRUCTION" missed="0" covered="3"/><counter type="LINE" missed="0" covered="1"/><counter type="COMPLEXITY" missed="0" covered="1"/><counter type="METHOD" missed="0" covered="1"/></method><counter type="INSTRUCTION" missed="0" covered="3"/><counter type="LINE" missed="0" covered="1"/><counter type="COMPLEXITY" missed="0" covered="1"/><counter type="METHOD" missed="0" covered="1"/><counter type="CLASS" missed="0" covered="1"/></class><sourcefile name="FedoraRepositoriesProperties.java"><line nr="58" mi="3" ci="0" mb="0" cb="0"/><line nr="63" mi="4" ci="0" mb="0" cb="0"/><line nr="80" mi="2" ci="0" mb="2" cb="0"/><line nr="82" mi="7" ci="0" mb="0" cb="0"/><line nr="85" mi="13" ci="0" mb="0" cb="0"/><line nr="89" mi="4" ci="0" mb="2" cb="0"/><line nr="90" mi="4" ci="0" mb="0" cb="0"/><line nr="92" mi="6" ci="0" mb="0" cb="0"/><line nr="94" mi="7" ci="0" mb="0" cb="0"/><line nr="98" mi="3" ci="0" mb="0" cb="0"/><line nr="100" mi="4" ci="0" mb="0" cb="0"/><line nr="102" mi="6" ci="0" mb="0" cb="0"/><line nr="105" mi="21" ci="0" mb="0" cb="0"/><counter type="INSTRUCTION" missed="84" covered="0"/><counter type="BRANCH" missed="4" covered="0"/><counter type="LINE" missed="13" covered="0"/><counter type="COMPLEXITY" missed="5" covered="0"/><counter type="METHOD" missed="3" covered="0"/><counter type="CLASS" missed="1" covered="0"/></sourcefile><sourcefile name="FedoraRepositoryRestore.java"><line nr="51" mi="0" ci="3" mb="0" cb="0"/><line nr="53" mi="0" ci="4" mb="0" cb="0"/><line nr="69" mi="0" ci="3" mb="1" cb="1"/><line nr="70" mi="8" ci="0" mb="0" cb="0"/><line nr="74" mi="0" ci="3" mb="0" cb="0"/><line nr="75" mi="0" ci="6" mb="0" cb="0"/><line nr="76" mi="0" ci="3" mb="1" cb="1"/><line nr="77" mi="16" ci="0" mb="0" cb="0"/><line nr="83" mi="0" ci="7" mb="0" cb="0"/><line nr="84" mi="0" ci="3" mb="1" cb="1"/><line nr="85" mi="3" ci="0" mb="0" cb="0"/><line nr="87" mi="4" ci="0" mb="0" cb="0"/><line nr="90" mi="10" ci="0" mb="2" cb="0"/><line nr="91" mi="5" ci="0" mb="0" cb="0"/><line nr="92" mi="5" ci="0" mb="0" cb="0"/><line nr="93" mi="1" ci="0" mb="0" cb="0"/><line nr="95" mi="8" ci="0" mb="0" cb="0"/><line nr="99" mi="0" ci="3" mb="0" cb="0"/><line nr="101" mi="6" ci="5" mb="0" cb="0"/><counter type="INSTRUCTION" missed="66" covered="40"/><counter type="BRANCH" missed="5" covered="3"/><counter type="LINE" missed="9" covered="10"/><counter type="COMPLEXITY" missed="4" covered="3"/><counter type="METHOD" missed="0" covered="3"/><counter type="CLASS" missed="0" covered="1"/></sourcefile><sourcefile name="FedoraRepositoryNodeTypes.java"><line nr="62" mi="0" ci="3" mb="0" cb="0"/><line nr="78" mi="0" ci="9" mb="0" cb="0"/><line nr="95" mi="0" ci="6" mb="0" cb="0"/><line nr="97" mi="0" ci="4" mb="0" cb="0"/><line nr="99" mi="6" ci="5" mb="0" cb="0"/><counter type="INSTRUCTION" missed="6" covered="27"/><counter type="LINE" missed="0" covered="5"/><counter type="COMPLEXITY" missed="0" covered="3"/><counter type="METHOD" missed="0" covered="3"/><counter type="CLASS" missed="0" covered="1"/></sourcefile><sourcefile name="FedoraRepositoryImport.java"><line nr="35" mi="0" ci="3" mb="0" cb="0"/><counter type="INSTRUCTION" missed="0" covered="3"/><counter type="LINE" missed="0" covered="1"/><counter type="COMPLEXITY" missed="0" covered="1"/><counter type="METHOD" missed="0" covered="1"/><counter type="CLASS" missed="0" covered="1"/></sourcefile><sourcefile name="FedoraRepositoryNamespaces.java"><line nr="69" mi="0" ci="3" mb="0" cb="0"/><line nr="87" mi="0" ci="6" mb="0" cb="0"/><line nr="89" mi="0" ci="4" mb="0" cb="0"/><line nr="90" mi="0" ci="3" mb="0" cb="0"/><line nr="91" mi="0" ci="4" mb="0" cb="0"/><line nr="93" mi="6" ci="5" mb="0" cb="0"/><line nr="107" mi="0" ci="9" mb="0" cb="0"/><counter type="INSTRUCTION" missed="6" covered="34"/><counter type="LINE" missed="0" covered="7"/><counter type="COMPLEXITY" missed="0" covered="3"/><counter type="METHOD" missed="0" covered="3"/><counter type="CLASS" missed="0" covered="1"/></sourcefile><sourcefile name="FedoraRepositoryExport.java"><line nr="35" mi="3" ci="0" mb="0" cb="0"/><counter type="INSTRUCTION" missed="3" covered="0"/><counter type="LINE" missed="1" covered="0"/><counter type="COMPLEXITY" missed="1" covered="0"/><counter type="METHOD" missed="1" covered="0"/><counter type="CLASS" missed="1" covered="0"/></sourcefile><sourcefile name="FedoraRepositoryIdentifiers.java"><line nr="35" mi="0" ci="3" mb="0" cb="0"/><counter type="INSTRUCTION" missed="0" covered="3"/><counter type="LINE" missed="0" covered="1"/><counter type="COMPLEXITY" missed="0" covered="1"/><counter type="METHOD" missed="0" covered="1"/><counter type="CLASS" missed="0" covered="1"/></sourcefile><sourcefile name="FedoraRepositoryWorkspaces.java"><line nr="69" mi="0" ci="3" mb="0" cb="0"/><line nr="87" mi="0" ci="9" mb="0" cb="0"/><line nr="90" mi="0" ci="10" mb="0" cb="0"/><line nr="109" mi="0" ci="4" mb="0" cb="0"/><line nr="111" mi="0" ci="5" mb="1" cb="1"/><line nr="112" mi="8" ci="0" mb="0" cb="0"/><line nr="117" mi="0" ci="3" mb="0" cb="0"/><line nr="119" mi="0" ci="11" mb="0" cb="0"/><line nr="123" mi="0" ci="10" mb="0" cb="0"/><line nr="125" mi="6" ci="5" mb="0" cb="0"/><line nr="139" mi="0" ci="4" mb="0" cb="0"/><line nr="141" mi="0" ci="6" mb="0" cb="2"/><line nr="142" mi="0" ci="4" mb="0" cb="0"/><line nr="145" mi="0" ci="3" mb="0" cb="0"/><line nr="147" mi="0" ci="3" mb="0" cb="0"/><line nr="149" mi="0" ci="11" mb="0" cb="0"/><counter type="INSTRUCTION" missed="14" covered="91"/><counter type="BRANCH" missed="1" covered="3"/><counter type="LINE" missed="1" covered="15"/><counter type="COMPLEXITY" missed="1" covered="5"/><counter type="METHOD" missed="0" covered="4"/><counter type="CLASS" missed="0" covered="1"/></sourcefile><sourcefile name="FedoraRepositoryTransactions.java"><line nr="35" mi="0" ci="3" mb="0" cb="0"/><counter type="INSTRUCTION" missed="0" covered="3"/><counter type="LINE" missed="0" covered="1"/><counter type="COMPLEXITY" missed="0" covered="1"/><counter type="METHOD" missed="0" covered="1"/><counter type="CLASS" missed="0" covered="1"/></sourcefile><sourcefile name="FedoraRepositoryBackup.java"><line nr="46" mi="0" ci="3" mb="0" cb="0"/><line nr="48" mi="0" ci="4" mb="0" cb="0"/><line nr="64" mi="0" ci="3" mb="1" cb="1"/><line nr="65" mi="0" ci="4" mb="0" cb="0"/><line nr="67" mi="0" ci="6" mb="0" cb="0"/><line nr="68" mi="0" ci="3" mb="1" cb="1"/><line nr="70" mi="3" ci="0" mb="0" cb="0"/><line nr="72" mi="0" ci="6" mb="2" cb="2"/><line nr="73" mi="16" ci="0" mb="0" cb="0"/><line nr="80" mi="0" ci="1" mb="0" cb="0"/><line nr="82" mi="2" ci="0" mb="0" cb="0"/><line nr="85" mi="0" ci="5" mb="0" cb="0"/><line nr="87" mi="0" ci="7" mb="0" cb="0"/><line nr="89" mi="0" ci="3" mb="1" cb="1"/><line nr="90" mi="3" ci="0" mb="0" cb="0"/><line nr="92" mi="4" ci="0" mb="0" cb="0"/><line nr="95" mi="10" ci="0" mb="2" cb="0"/><line nr="96" mi="5" ci="0" mb="0" cb="0"/><line nr="97" mi="5" ci="0" mb="0" cb="0"/><line nr="98" mi="4" ci="0" mb="0" cb="0"/><line nr="99" mi="1" ci="0" mb="0" cb="0"/><line nr="101" mi="9" ci="0" mb="0" cb="0"/><line nr="104" mi="0" ci="3" mb="0" cb="0"/><line nr="106" mi="6" ci="5" mb="0" cb="0"/><counter type="INSTRUCTION" missed="68" covered="53"/><counter type="BRANCH" missed="7" covered="5"/><counter type="LINE" missed="11" covered="13"/><counter type="COMPLEXITY" missed="6" covered="3"/><counter type="METHOD" missed="0" covered="3"/><counter type="CLASS" missed="0" covered="1"/></sourcefile><counter type="INSTRUCTION" missed="247" covered="254"/><counter type="BRANCH" missed="17" covered="11"/><counter type="LINE" missed="35" covered="53"/><counter type="COMPLEXITY" missed="17" covered="20"/><counter type="METHOD" missed="4" covered="19"/><counter type="CLASS" missed="2" covered="8"/></package><package name="org/fcrepo/http/api/versioning"><class name="org/fcrepo/http/api/versioning/VersionAwareHttpGraphSubjects"><method name="&lt;init&gt;" desc="(Ljavax/jcr/Session;Ljavax/jcr/Session;Ljava/lang/Class;Ljavax/ws/rs/core/UriInfo;)V" line="82"><counter type="INSTRUCTION" missed="0" covered="9"/><counter type="LINE" missed="0" covered="3"/><counter type="COMPLEXITY" missed="0" covered="1"/><counter type="METHOD" missed="0" covered="1"/></method><method name="getPathFromGraphSubject" desc="(Ljava/lang/String;)Ljava/lang/String;" line="88"><counter type="INSTRUCTION" missed="11" covered="8"/><counter type="BRANCH" missed="3" covered="1"/><counter type="LINE" missed="4" covered="2"/><counter type="COMPLEXITY" missed="2" covered="1"/><counter type="METHOD" missed="0" covered="1"/></method><method name="getGraphSubject" desc="(Ljava/lang/String;)Lcom/hp/hpl/jena/rdf/model/Resource;" line="100"><counter type="INSTRUCTION" missed="39" covered="0"/><counter type="BRANCH" missed="4" covered="0"/><counter type="LINE" missed="8" covered="0"/><counter type="COMPLEXITY" missed="3" covered="0"/><counter type="METHOD" missed="1" covered="0"/></method><method name="getGraphSubject" desc="(Ljavax/jcr/Node;)Lcom/hp/hpl/jena/rdf/model/Resource;" line="114"><counter type="INSTRUCTION" missed="0" covered="26"/><counter type="BRANCH" missed="0" covered="2"/><counter type="LINE" missed="0" covered="5"/><counter type="COMPLEXITY" missed="0" covered="2"/><counter type="METHOD" missed="0" covered="1"/></method><method name="getPathMapForVersionNode" desc="(Ljavax/jcr/Node;)Ljava/util/Map;" line="135"><counter type="INSTRUCTION" missed="1" covered="105"/><counter type="BRANCH" missed="1" covered="7"/><counter type="LINE" missed="0" covered="15"/><counter type="COMPLEXITY" missed="1" covered="4"/><counter type="METHOD" missed="0" covered="1"/></method><method name="getRelativePath" desc="(Ljavax/jcr/Node;Ljavax/jcr/Node;)Ljava/lang/String;" line="160"><counter type="INSTRUCTION" missed="0" covered="9"/><counter type="LINE" missed="0" covered="1"/><counter type="COMPLEXITY" missed="0" covered="1"/><counter type="METHOD" missed="0" covered="1"/></method><method name="getNodeFromGraphSubjectForVersionNode" desc="(Ljava/lang/String;)Ljavax/jcr/Node;" line="179"><counter type="INSTRUCTION" missed="59" covered="27"/><counter type="BRANCH" missed="3" covered="1"/><counter type="LINE" missed="8" covered="5"/><counter type="COMPLEXITY" missed="2" covered="1"/><counter type="METHOD" missed="0" covered="1"/></method><method name="getFrozenNodeByLabel" desc="(Ljava/lang/String;Ljava/lang/String;)Ljavax/jcr/Node;" line="217"><counter type="INSTRUCTION" missed="1" covered="62"/><counter type="BRANCH" missed="2" covered="4"/><counter type="LINE" missed="1" covered="14"/><counter type="COMPLEXITY" missed="2" covered="2"/><counter type="METHOD" missed="0" covered="1"/></method><method name="&lt;clinit&gt;" desc="()V" line="61"><counter type="INSTRUCTION" missed="0" covered="4"/><counter type="LINE" missed="0" covered="1"/><counter type="COMPLEXITY" missed="0" covered="1"/><counter type="METHOD" missed="0" covered="1"/></method><counter type="INSTRUCTION" missed="111" covered="250"/><counter type="BRANCH" missed="13" covered="15"/><counter type="LINE" missed="21" covered="46"/><counter type="COMPLEXITY" missed="10" covered="13"/><counter type="METHOD" missed="1" covered="8"/><counter type="CLASS" missed="0" covered="1"/></class><sourcefile name="VersionAwareHttpGraphSubjects.java"><line nr="61" mi="0" ci="4" mb="0" cb="0"/><line nr="82" mi="0" ci="5" mb="0" cb="0"/><line nr="83" mi="0" ci="3" mb="0" cb="0"/><line nr="84" mi="0" ci="1" mb="0" cb="0"/><line nr="88" mi="0" ci="4" mb="1" cb="1"/><line nr="89" mi="4" ci="0" mb="0" cb="0"/><line nr="90" mi="2" ci="0" mb="2" cb="0"/><line nr="91" mi="2" ci="0" mb="0" cb="0"/><line nr="93" mi="3" ci="0" mb="0" cb="0"/><line nr="95" mi="0" ci="4" mb="0" cb="0"/><line nr="100" mi="4" ci="0" mb="2" cb="0"/><line nr="101" mi="5" ci="0" mb="0" cb="0"/><line nr="102" mi="6" ci="0" mb="2" cb="0"/><line nr="103" mi="7" ci="0" mb="0" cb="0"/><line nr="104" mi="5" ci="0" mb="0" cb="0"/><line nr="105" mi="4" ci="0" mb="0" cb="0"/><line nr="107" mi="4" ci="0" mb="0" cb="0"/><line nr="109" mi="4" ci="0" mb="0" cb="0"/><line nr="114" mi="0" ci="6" mb="0" cb="2"/><line nr="115" mi="0" ci="7" mb="0" cb="0"/><line nr="116" mi="0" ci="5" mb="0" cb="0"/><line nr="117" mi="0" ci="4" mb="0" cb="0"/><line nr="119" mi="0" ci="4" mb="0" cb="0"/><line nr="135" mi="0" ci="2" mb="0" cb="0"/><line nr="136" mi="0" ci="8" mb="0" cb="0"/><line nr="138" mi="0" ci="2" mb="0" cb="0"/><line nr="139" mi="0" ci="4" mb="0" cb="2"/><line nr="140" mi="0" ci="5" mb="0" cb="0"/><line nr="141" mi="0" ci="14" mb="0" cb="0"/><line nr="143" mi="0" ci="3" mb="0" cb="0"/><line nr="144" mi="0" ci="9" mb="0" cb="0"/><line nr="148" mi="0" ci="15" mb="0" cb="2"/><line nr="150" mi="0" ci="3" mb="0" cb="0"/><line nr="151" mi="0" ci="5" mb="0" cb="0"/><line nr="152" mi="0" ci="15" mb="0" cb="0"/><line nr="153" mi="0" ci="4" mb="0" cb="2"/><line nr="154" mi="0" ci="5" mb="0" cb="0"/><line nr="156" mi="1" ci="11" mb="1" cb="1"/><line nr="160" mi="0" ci="9" mb="0" cb="0"/><line nr="179" mi="0" ci="11" mb="0" cb="0"/><line nr="182" mi="0" ci="4" mb="1" cb="1"/><line nr="187" mi="4" ci="0" mb="0" cb="0"/><line nr="188" mi="5" ci="0" mb="0" cb="0"/><line nr="189" mi="6" ci="0" mb="0" cb="0"/><line nr="190" mi="17" ci="0" mb="0" cb="0"/><line nr="192" mi="5" ci="0" mb="0" cb="0"/><line nr="193" mi="2" ci="0" mb="2" cb="0"/><line nr="195" mi="2" ci="0" mb="0" cb="0"/><line nr="197" mi="18" ci="0" mb="0" cb="0"/><line nr="204" mi="0" ci="2" mb="0" cb="0"/><line nr="205" mi="0" ci="5" mb="0" cb="0"/><line nr="206" mi="0" ci="5" mb="0" cb="0"/><line nr="217" mi="0" ci="9" mb="0" cb="0"/><line nr="220" mi="0" ci="5" mb="0" cb="0"/><line nr="227" mi="0" ci="4" mb="0" cb="0"/><line nr="228" mi="0" ci="2" mb="1" cb="1"/><line nr="229" mi="0" ci="5" mb="0" cb="0"/><line nr="230" mi="0" ci="6" mb="1" cb="1"/><line nr="231" mi="0" ci="2" mb="0" cb="0"/><line nr="239" mi="0" ci="1" mb="0" cb="0"/><line nr="244" mi="1" ci="0" mb="0" cb="0"/><line nr="246" mi="0" ci="7" mb="0" cb="0"/><line nr="248" mi="0" ci="4" mb="0" cb="2"/><line nr="249" mi="0" ci="5" mb="0" cb="0"/><line nr="250" mi="0" ci="5" mb="0" cb="0"/><line nr="252" mi="0" ci="5" mb="0" cb="0"/><line nr="253" mi="0" ci="2" mb="0" cb="0"/><counter type="INSTRUCTION" missed="111" covered="250"/><counter type="BRANCH" missed="13" covered="15"/><counter type="LINE" missed="21" covered="46"/><counter type="COMPLEXITY" missed="10" covered="13"/><counter type="METHOD" missed="1" covered="8"/><counter type="CLASS" missed="0" covered="1"/></sourcefile><counter type="INSTRUCTION" missed="111" covered="250"/><counter type="BRANCH" missed="13" covered="15"/><counter type="LINE" missed="21" covered="46"/><counter type="COMPLEXITY" missed="10" covered="13"/><counter type="METHOD" missed="1" covered="8"/><counter type="CLASS" missed="0" covered="1"/></package><package name="org/fcrepo/http/api/url"><class name="org/fcrepo/http/api/url/HttpApiResources"><method name="&lt;init&gt;" desc="()V" line="60"><counter type="INSTRUCTION" missed="0" covered="3"/><counter type="LINE" missed="0" covered="1"/><counter type="COMPLEXITY" missed="0" covered="1"/><counter type="METHOD" missed="0" covered="1"/></method><method name="createModelForResource" desc="(Lorg/fcrepo/kernel/FedoraResource;Ljavax/ws/rs/core/UriInfo;Lorg/fcrepo/kernel/rdf/GraphSubjects;)Lcom/hp/hpl/jena/rdf/model/Model;" line="70"><counter type="INSTRUCTION" missed="0" covered="35"/><counter type="BRANCH" missed="0" covered="4"/><counter type="LINE" missed="0" covered="8"/><counter type="COMPLEXITY" missed="0" covered="3"/><counter type="METHOD" missed="0" covered="1"/></method><method name="addContentStatements" desc="(Lorg/fcrepo/kernel/FedoraResource;Ljavax/ws/rs/core/UriInfo;Lcom/hp/hpl/jena/rdf/model/Model;Lcom/hp/hpl/jena/rdf/model/Resource;)V" line="90"><counter type="INSTRUCTION" missed="0" covered="21"/><counter type="LINE" missed="0" covered="3"/><counter type="COMPLEXITY" missed="0" covered="1"/><counter type="METHOD" missed="0" covered="1"/></method><method name="addNodeStatements" desc="(Lorg/fcrepo/kernel/FedoraResource;Ljavax/ws/rs/core/UriInfo;Lcom/hp/hpl/jena/rdf/model/Model;Lcom/hp/hpl/jena/rdf/model/Resource;)V" line="100"><counter type="INSTRUCTION" missed="0" covered="57"/><counter type="BRANCH" missed="0" covered="2"/><counter type="LINE" missed="0" covered="7"/><counter type="COMPLEXITY" missed="0" covered="2"/><counter type="METHOD" missed="0" covered="1"/></method><method name="addRepositoryStatements" desc="(Ljavax/ws/rs/core/UriInfo;Lcom/hp/hpl/jena/rdf/model/Model;Lcom/hp/hpl/jena/rdf/model/Resource;)V" line="121"><counter type="INSTRUCTION" missed="0" covered="106"/><counter type="BRANCH" missed="0" covered="2"/><counter type="LINE" missed="0" covered="9"/><counter type="COMPLEXITY" missed="0" covered="2"/><counter type="METHOD" missed="0" covered="1"/></method><counter type="INSTRUCTION" missed="0" covered="222"/><counter type="BRANCH" missed="0" covered="8"/><counter type="LINE" missed="0" covered="28"/><counter type="COMPLEXITY" missed="0" covered="9"/><counter type="METHOD" missed="0" covered="5"/><counter type="CLASS" missed="0" covered="1"/></class><sourcefile name="HttpApiResources.java"><line nr="60" mi="0" ci="3" mb="0" cb="0"/><line nr="70" mi="0" ci="2" mb="0" cb="0"/><line nr="72" mi="0" ci="5" mb="0" cb="0"/><line nr="74" mi="0" ci="6" mb="0" cb="2"/><line nr="75" mi="0" ci="6" mb="0" cb="0"/><line nr="77" mi="0" ci="6" mb="0" cb="0"/><line nr="80" mi="0" ci="3" mb="0" cb="2"/><line nr="81" mi="0" ci="5" mb="0" cb="0"/><line nr="84" mi="0" ci="2" mb="0" cb="0"/><line nr="90" mi="0" ci="7" mb="0" cb="0"/><line nr="92" mi="0" ci="13" mb="0" cb="0"/><line nr="95" mi="0" ci="1" mb="0" cb="0"/><line nr="100" mi="0" ci="7" mb="0" cb="0"/><line nr="104" mi="0" ci="13" mb="0" cb="0"/><line nr="109" mi="0" ci="12" mb="0" cb="2"/><line nr="110" mi="0" ci="17" mb="0" cb="0"/><line nr="114" mi="0" ci="6" mb="0" cb="0"/><line nr="115" mi="0" ci="1" mb="0" cb="0"/><line nr="116" mi="0" ci="1" mb="0" cb="0"/><line nr="121" mi="0" ci="14" mb="0" cb="0"/><line nr="126" mi="0" ci="14" mb="0" cb="0"/><line nr="130" mi="0" ci="14" mb="0" cb="0"/><line nr="135" mi="0" ci="14" mb="0" cb="0"/><line nr="140" mi="0" ci="14" mb="0" cb="0"/><line nr="145" mi="0" ci="12" mb="0" cb="2"/><line nr="146" mi="0" ci="22" mb="0" cb="0"/><line nr="149" mi="0" ci="1" mb="0" cb="0"/><line nr="150" mi="0" ci="1" mb="0" cb="0"/><counter type="INSTRUCTION" missed="0" covered="222"/><counter type="BRANCH" missed="0" covered="8"/><counter type="LINE" missed="0" covered="28"/><counter type="COMPLEXITY" missed="0" covered="9"/><counter type="METHOD" missed="0" covered="5"/><counter type="CLASS" missed="0" covered="1"/></sourcefile><counter type="INSTRUCTION" missed="0" covered="222"/><counter type="BRANCH" missed="0" covered="8"/><counter type="LINE" missed="0" covered="28"/><counter type="COMPLEXITY" missed="0" covered="9"/><counter type="METHOD" missed="0" covered="5"/><counter type="CLASS" missed="0" covered="1"/></package><package name="org/fcrepo/http/api/responses"><class name="org/fcrepo/http/api/responses/StreamingHtmlProvider"><method name="&lt;init&gt;" desc="()V" line="26"><counter type="INSTRUCTION" missed="0" covered="3"/><counter type="LINE" missed="0" covered="1"/><counter type="COMPLEXITY" missed="0" covered="1"/><counter type="METHOD" missed="0" covered="1"/></method><counter type="INSTRUCTION" missed="0" covered="3"/><counter type="LINE" missed="0" covered="1"/><counter type="COMPLEXITY" missed="0" covered="1"/><counter type="METHOD" missed="0" covered="1"/><counter type="CLASS" missed="0" covered="1"/></class><class name="org/fcrepo/http/api/responses/HtmlProvider"><method name="&lt;init&gt;" desc="()V" line="27"><counter type="INSTRUCTION" missed="0" covered="3"/><counter type="LINE" missed="0" covered="1"/><counter type="COMPLEXITY" missed="0" covered="1"/><counter type="METHOD" missed="0" covered="1"/></method><counter type="INSTRUCTION" missed="0" covered="3"/><counter type="LINE" missed="0" covered="1"/><counter type="COMPLEXITY" missed="0" covered="1"/><counter type="METHOD" missed="0" covered="1"/><counter type="CLASS" missed="0" covered="1"/></class><sourcefile name="StreamingHtmlProvider.java"><line nr="26" mi="0" ci="3" mb="0" cb="0"/><counter type="INSTRUCTION" missed="0" covered="3"/><counter type="LINE" missed="0" covered="1"/><counter type="COMPLEXITY" missed="0" covered="1"/><counter type="METHOD" missed="0" covered="1"/><counter type="CLASS" missed="0" covered="1"/></sourcefile><sourcefile name="HtmlProvider.java"><line nr="27" mi="0" ci="3" mb="0" cb="0"/><counter type="INSTRUCTION" missed="0" covered="3"/><counter type="LINE" missed="0" covered="1"/><counter type="COMPLEXITY" missed="0" covered="1"/><counter type="METHOD" missed="0" covered="1"/><counter type="CLASS" missed="0" covered="1"/></sourcefile><counter type="INSTRUCTION" missed="0" covered="6"/><counter type="LINE" missed="0" covered="2"/><counter type="COMPLEXITY" missed="0" covered="2"/><counter type="METHOD" missed="0" covered="2"/><counter type="CLASS" missed="0" covered="2"/></package><counter type="INSTRUCTION" missed="1106" covered="3414"/><counter type="BRANCH" missed="104" covered="190"/><counter type="LINE" missed="144" covered="607"/><counter type="COMPLEXITY" missed="96" covered="159"/><counter type="METHOD" missed="10" covered="95"/><counter type="CLASS" missed="3" covered="26"/></report>