# JRE version: OpenJDK Runtime Environment (10.0.2+13) (build 10.0.2+13-Ubuntu-1ubuntu0.18.04.2)
# Java VM: OpenJDK 64-Bit Server VM (10.0.2+13-Ubuntu-1ubuntu0.18.04.2, mixed mode, tiered, compressed oops, serial gc, linux-amd64)
Heap:
 def new generation   total 43456K, used 4719K [0x00000000e0c00000, 0x00000000e3b20000, 0x00000000eb2a0000)
  eden space 38656K,  12% used [0x00000000e0c00000, 0x00000000e109bc38, 0x00000000e31c0000)
  from space 4800K,   0% used [0x00000000e31c0000, 0x00000000e31c0000, 0x00000000e3670000)
  to   space 4800K,   0% used [0x00000000e3670000, 0x00000000e3670000, 0x00000000e3b20000)
 tenured generation   total 97916K, used 97915K [0x00000000eb2a0000, 0x00000000f123f000, 0x0000000100000000)
   the space 97916K,  99% used [0x00000000eb2a0000, 0x00000000f123efe8, 0x00000000f123f000, 0x00000000f123f000)
 Metaspace       used 35022K, capacity 35784K, committed 36096K, reserved 1081344K
  class space    used 3494K, capacity 3779K, committed 3840K, reserved 1048576K
GC Heap History (10 events):
Event: 319.973 GC heap after
{Heap after GC invocations=118 (full 4):
 def new generation   total 43456K, used 4800K [0x00000000e0c00000, 0x00000000e3b20000, 0x00000000eb2a0000)
  eden space 38656K,   0% used [0x00000000e0c00000, 0x00000000e0c00000, 0x00000000e31c0000)
  from space 4800K, 100% used [0x00000000e3670000, 0x00000000e3b20000, 0x00000000e3b20000)
  to   space 4800K,   0% used [0x00000000e31c0000, 0x00000000e31c0000, 0x00000000e3670000)
 tenured generation   total 96380K, used 60678K [0x00000000eb2a0000, 0x00000000f10bf000, 0x0000000100000000)
   the space 96380K,  62% used [0x00000000eb2a0000, 0x00000000eede1a40, 0x00000000eede1c00, 0x00000000f10bf000)
 Metaspace       used 35020K, capacity 35784K, committed 36096K, reserved 1081344K
  class space    used 3494K, capacity 3779K, committed 3840K, reserved 1048576K
}
Event: 322.659 GC heap before
{Heap before GC invocations=118 (full 4):
 def new generation   total 43456K, used 43456K [0x00000000e0c00000, 0x00000000e3b20000, 0x00000000eb2a0000)
  eden space 38656K, 100% used [0x00000000e0c00000, 0x00000000e31c0000, 0x00000000e31c0000)
  from space 4800K, 100% used [0x00000000e3670000, 0x00000000e3b20000, 0x00000000e3b20000)
  to   space 4800K,   0% used [0x00000000e31c0000, 0x00000000e31c0000, 0x00000000e3670000)
 tenured generation   total 96380K, used 60678K [0x00000000eb2a0000, 0x00000000f10bf000, 0x0000000100000000)
   the space 96380K,  62% used [0x00000000eb2a0000, 0x00000000eede1a40, 0x00000000eede1c00, 0x00000000f10bf000)
 Metaspace       used 35020K, capacity 35784K, committed 36096K, reserved 1081344K
  class space    used 3494K, capacity 3779K, committed 3840K, reserved 1048576K
}
Event: 324.011 GC heap after
{Heap after GC invocations=119 (full 4):
 def new generation   total 43456K, used 4800K [0x00000000e0c00000, 0x00000000e3b20000, 0x00000000eb2a0000)
  eden space 38656K,   0% used [0x00000000e0c00000, 0x00000000e0c00000, 0x00000000e31c0000)
  from space 4800K, 100% used [0x00000000e31c0000, 0x00000000e3670000, 0x00000000e3670000)
  to   space 4800K,   0% used [0x00000000e3670000, 0x00000000e3670000, 0x00000000e3b20000)
 tenured generation   total 96380K, used 68556K [0x00000000eb2a0000, 0x00000000f10bf000, 0x0000000100000000)
   the space 96380K,  71% used [0x00000000eb2a0000, 0x00000000ef5932c0, 0x00000000ef593400, 0x00000000f10bf000)
 Metaspace       used 35020K, capacity 35784K, committed 36096K, reserved 1081344K
  class space    used 3494K, capacity 3779K, committed 3840K, reserved 1048576K
}
Event: 326.705 GC heap before
{Heap before GC invocations=119 (full 4):
 def new generation   total 43456K, used 43455K [0x00000000e0c00000, 0x00000000e3b20000, 0x00000000eb2a0000)
  eden space 38656K,  99% used [0x00000000e0c00000, 0x00000000e31bfec8, 0x00000000e31c0000)
  from space 4800K, 100% used [0x00000000e31c0000, 0x00000000e3670000, 0x00000000e3670000)
  to   space 4800K,   0% used [0x00000000e3670000, 0x00000000e3670000, 0x00000000e3b20000)
 tenured generation   total 96380K, used 68556K [0x00000000eb2a0000, 0x00000000f10bf000, 0x0000000100000000)
   the space 96380K,  71% used [0x00000000eb2a0000, 0x00000000ef5932c0, 0x00000000ef593400, 0x00000000f10bf000)
 Metaspace       used 35020K, capacity 35784K, committed 36096K, reserved 1081344K
  class space    used 3494K, capacity 3779K, committed 3840K, reserved 1048576K
}
Event: 327.673 GC heap after
{Heap after GC invocations=120 (full 4):
 def new generation   total 43456K, used 4800K [0x00000000e0c00000, 0x00000000e3b20000, 0x00000000eb2a0000)
  eden space 38656K,   0% used [0x00000000e0c00000, 0x00000000e0c00000, 0x00000000e31c0000)
  from space 4800K, 100% used [0x00000000e3670000, 0x00000000e3b20000, 0x00000000e3b20000)
  to   space 4800K,   0% used [0x00000000e31c0000, 0x00000000e31c0000, 0x00000000e3670000)
 tenured generation   total 96380K, used 75664K [0x00000000eb2a0000, 0x00000000f10bf000, 0x0000000100000000)
   the space 96380K,  78% used [0x00000000eb2a0000, 0x00000000efc843a8, 0x00000000efc84400, 0x00000000f10bf000)
 Metaspace       used 35020K, capacity 35784K, committed 36096K, reserved 1081344K
  class space    used 3494K, capacity 3779K, committed 3840K, reserved 1048576K
}
Event: 330.796 GC heap before
{Heap before GC invocations=120 (full 4):
 def new generation   total 43456K, used 43456K [0x00000000e0c00000, 0x00000000e3b20000, 0x00000000eb2a0000)
  eden space 38656K, 100% used [0x00000000e0c00000, 0x00000000e31c0000, 0x00000000e31c0000)
  from space 4800K, 100% used [0x00000000e3670000, 0x00000000e3b20000, 0x00000000e3b20000)
  to   space 4800K,   0% used [0x00000000e31c0000, 0x00000000e31c0000, 0x00000000e3670000)
 tenured generation   total 96380K, used 75664K [0x00000000eb2a0000, 0x00000000f10bf000, 0x0000000100000000)
   the space 96380K,  78% used [0x00000000eb2a0000, 0x00000000efc843a8, 0x00000000efc84400, 0x00000000f10bf000)
 Metaspace       used 35021K, capacity 35784K, committed 36096K, reserved 1081344K
  class space    used 3494K, capacity 3779K, committed 3840K, reserved 1048576K
}
Event: 331.650 GC heap after
{Heap after GC invocations=121 (full 4):
 def new generation   total 43456K, used 4800K [0x00000000e0c00000, 0x00000000e3b20000, 0x00000000eb2a0000)
  eden space 38656K,   0% used [0x00000000e0c00000, 0x00000000e0c00000, 0x00000000e31c0000)
  from space 4800K, 100% used [0x00000000e31c0000, 0x00000000e3670000, 0x00000000e3670000)
  to   space 4800K,   0% used [0x00000000e3670000, 0x00000000e3670000, 0x00000000e3b20000)
 tenured generation   total 96380K, used 82975K [0x00000000eb2a0000, 0x00000000f10bf000, 0x0000000100000000)
   the space 96380K,  86% used [0x00000000eb2a0000, 0x00000000f03a7ec8, 0x00000000f03a8000, 0x00000000f10bf000)
 Metaspace       used 35021K, capacity 35784K, committed 36096K, reserved 1081344K
  class space    used 3494K, capacity 3779K, committed 3840K, reserved 1048576K
}
Event: 337.327 GC heap before
{Heap before GC invocations=121 (full 4):
 def new generation   total 43456K, used 43444K [0x00000000e0c00000, 0x00000000e3b20000, 0x00000000eb2a0000)
  eden space 38656K,  99% used [0x00000000e0c00000, 0x00000000e31bd320, 0x00000000e31c0000)
  from space 4800K, 100% used [0x00000000e31c0000, 0x00000000e3670000, 0x00000000e3670000)
  to   space 4800K,   0% used [0x00000000e3670000, 0x00000000e3670000, 0x00000000e3b20000)
 tenured generation   total 96380K, used 82975K [0x00000000eb2a0000, 0x00000000f10bf000, 0x0000000100000000)
   the space 96380K,  86% used [0x00000000eb2a0000, 0x00000000f03a7ec8, 0x00000000f03a8000, 0x00000000f10bf000)
 Metaspace       used 35021K, capacity 35784K, committed 36096K, reserved 1081344K
  class space    used 3494K, capacity 3779K, committed 3840K, reserved 1048576K
}
Event: 338.909 GC heap after
{Heap after GC invocations=122 (full 4):
 def new generation   total 43456K, used 4800K [0x00000000e0c00000, 0x00000000e3b20000, 0x00000000eb2a0000)
  eden space 38656K,   0% used [0x00000000e0c00000, 0x00000000e0c00000, 0x00000000e31c0000)
  from space 4800K, 100% used [0x00000000e3670000, 0x00000000e3b20000, 0x00000000e3b20000)
  to   space 4800K,   0% used [0x00000000e31c0000, 0x00000000e31c0000, 0x00000000e3670000)
 tenured generation   total 96380K, used 90340K [0x00000000eb2a0000, 0x00000000f10bf000, 0x0000000100000000)
   the space 96380K,  93% used [0x00000000eb2a0000, 0x00000000f0ad9320, 0x00000000f0ad9400, 0x00000000f10bf000)
 Metaspace       used 35021K, capacity 35784K, committed 36096K, reserved 1081344K
  class space    used 3494K, capacity 3779K, committed 3840K, reserved 1048576K
}
Event: 350.661 GC heap before
{Heap before GC invocations=122 (full 4):
 def new generation   total 43456K, used 43456K [0x00000000e0c00000, 0x00000000e3b20000, 0x00000000eb2a0000)
  eden space 38656K, 100% used [0x00000000e0c00000, 0x00000000e31c0000, 0x00000000e31c0000)
  from space 4800K, 100% used [0x00000000e3670000, 0x00000000e3b20000, 0x00000000e3b20000)
  to   space 4800K,   0% used [0x00000000e31c0000, 0x00000000e31c0000, 0x00000000e3670000)
 tenured generation   total 96380K, used 90340K [0x00000000eb2a0000, 0x00000000f10bf000, 0x0000000100000000)
   the space 96380K,  93% used [0x00000000eb2a0000, 0x00000000f0ad9320, 0x00000000f0ad9400, 0x00000000f10bf000)
 Metaspace       used 35022K, capacity 35784K, committed 36096K, reserved 1081344K
  class space    used 3494K, capacity 3779K, committed 3840K, reserved 1048576K
}

