# JRE version: Java(TM) SE Runtime Environment (7.0_12-b08) (build 1.7.0_12-ea-b08)
# Java VM: Java HotSpot(TM) 64-Bit Server VM (24.0-b28 mixed mode bsd-amd64 compressed oops)
Heap
 PSYoungGen      total 176640K, used 149794K [0x0000000146f00000, 0x00000001551d0000, 0x0000000160700000)
  eden space 168896K, 84% used [0x0000000146f00000,0x000000014f9c06a0,0x00000001513f0000)
  from space 7744K, 99% used [0x0000000154a40000,0x00000001551c84e0,0x00000001551d0000)
  to   space 11520K, 0% used [0x0000000153b50000,0x0000000153b50000,0x0000000154690000)
 ParOldGen       total 52224K, used 36833K [0x0000000113f00000, 0x0000000117200000, 0x0000000146f00000)
  object space 52224K, 70% used [0x0000000113f00000,0x00000001162f86d8,0x0000000117200000)
 PSPermGen       total 65216K, used 65024K [0x000000010ed00000, 0x0000000112cb0000, 0x0000000113f00000)
  object space 65216K, 99% used [0x000000010ed00000,0x0000000112c80028,0x0000000112cb0000)
GC Heap History (10 events):
Event: 19.275 GC heap before
{Heap before GC invocations=14 (full 0):
 PSYoungGen      total 219392K, used 219373K [0x0000000146f00000, 0x0000000156640000, 0x0000000160700000)
  eden space 212864K, 100% used [0x0000000146f00000,0x0000000153ee0000,0x0000000153ee0000)
  from space 6528K, 99% used [0x00000001550f0000,0x000000015574b4a8,0x0000000155750000)
  to   space 11136K, 0% used [0x0000000155b60000,0x0000000155b60000,0x0000000156640000)
 ParOldGen       total 52224K, used 22741K [0x0000000113f00000, 0x0000000117200000, 0x0000000146f00000)
  object space 52224K, 43% used [0x0000000113f00000,0x00000001155354a0,0x0000000117200000)
 PSPermGen       total 43904K, used 43742K [0x000000010ed00000, 0x00000001117e0000, 0x0000000113f00000)
  object space 43904K, 99% used [0x000000010ed00000,0x00000001117b7a90,0x00000001117e0000)
Event: 19.284 GC heap after
Heap after GC invocations=14 (full 0):
 PSYoungGen      total 208640K, used 5497K [0x0000000146f00000, 0x00000001560c0000, 0x0000000160700000)
  eden space 203136K, 0% used [0x0000000146f00000,0x0000000146f00000,0x0000000153560000)
  from space 5504K, 99% used [0x0000000155b60000,0x00000001560be560,0x00000001560c0000)
  to   space 10624K, 0% used [0x0000000154c00000,0x0000000154c00000,0x0000000155660000)
 ParOldGen       total 52224K, used 25470K [0x0000000113f00000, 0x0000000117200000, 0x0000000146f00000)
  object space 52224K, 48% used [0x0000000113f00000,0x00000001157dfaf8,0x0000000117200000)
 PSPermGen       total 43904K, used 43742K [0x000000010ed00000, 0x00000001117e0000, 0x0000000113f00000)
  object space 43904K, 99% used [0x000000010ed00000,0x00000001117b7a90,0x00000001117e0000)
}
Event: 20.268 GC heap before
{Heap before GC invocations=15 (full 0):
 PSYoungGen      total 208640K, used 208633K [0x0000000146f00000, 0x00000001560c0000, 0x0000000160700000)
  eden space 203136K, 100% used [0x0000000146f00000,0x0000000153560000,0x0000000153560000)
  from space 5504K, 99% used [0x0000000155b60000,0x00000001560be560,0x00000001560c0000)
  to   space 10624K, 0% used [0x0000000154c00000,0x0000000154c00000,0x0000000155660000)
 ParOldGen       total 52224K, used 25470K [0x0000000113f00000, 0x0000000117200000, 0x0000000146f00000)
  object space 52224K, 48% used [0x0000000113f00000,0x00000001157dfaf8,0x0000000117200000)
 PSPermGen       total 47552K, used 47551K [0x000000010ed00000, 0x0000000111b70000, 0x0000000113f00000)
  object space 47552K, 99% used [0x000000010ed00000,0x0000000111b6fc68,0x0000000111b70000)
Event: 20.276 GC heap after
Heap after GC invocations=15 (full 0):
 PSYoungGen      total 199808K, used 5853K [0x0000000146f00000, 0x0000000155b70000, 0x0000000160700000)
  eden space 193920K, 0% used [0x0000000146f00000,0x0000000146f00000,0x0000000152c60000)
  from space 5888K, 99% used [0x0000000154c00000,0x00000001551b75a0,0x00000001551c0000)
  to   space 9920K, 0% used [0x00000001551c0000,0x00000001551c0000,0x0000000155b70000)
 ParOldGen       total 52224K, used 27645K [0x0000000113f00000, 0x0000000117200000, 0x0000000146f00000)
  object space 52224K, 52% used [0x0000000113f00000,0x00000001159ff738,0x0000000117200000)
 PSPermGen       total 47552K, used 47551K [0x000000010ed00000, 0x0000000111b70000, 0x0000000113f00000)
  object space 47552K, 99% used [0x000000010ed00000,0x0000000111b6fc68,0x0000000111b70000)
}
Event: 23.396 GC heap before
{Heap before GC invocations=16 (full 0):
 PSYoungGen      total 199808K, used 199773K [0x0000000146f00000, 0x0000000155b70000, 0x0000000160700000)
  eden space 193920K, 100% used [0x0000000146f00000,0x0000000152c60000,0x0000000152c60000)
  from space 5888K, 99% used [0x0000000154c00000,0x00000001551b75a0,0x00000001551c0000)
  to   space 9920K, 0% used [0x00000001551c0000,0x00000001551c0000,0x0000000155b70000)
 ParOldGen       total 52224K, used 27645K [0x0000000113f00000, 0x0000000117200000, 0x0000000146f00000)
  object space 52224K, 52% used [0x0000000113f00000,0x00000001159ff738,0x0000000117200000)
 PSPermGen       total 54656K, used 54478K [0x000000010ed00000, 0x0000000112260000, 0x0000000113f00000)
  object space 54656K, 99% used [0x000000010ed00000,0x0000000112233840,0x0000000112260000)
Event: 23.404 GC heap after
Heap after GC invocations=16 (full 0):
 PSYoungGen      total 191744K, used 6583K [0x0000000146f00000, 0x0000000155830000, 0x0000000160700000)
  eden space 185152K, 0% used [0x0000000146f00000,0x0000000146f00000,0x00000001523d0000)
  from space 6592K, 99% used [0x00000001551c0000,0x000000015582dde0,0x0000000155830000)
  to   space 10176K, 0% used [0x0000000154450000,0x0000000154450000,0x0000000154e40000)
 ParOldGen       total 52224K, used 30829K [0x0000000113f00000, 0x0000000117200000, 0x0000000146f00000)
  object space 52224K, 59% used [0x0000000113f00000,0x0000000115d1b738,0x0000000117200000)
 PSPermGen       total 54656K, used 54478K [0x000000010ed00000, 0x0000000112260000, 0x0000000113f00000)
  object space 54656K, 99% used [0x000000010ed00000,0x0000000112233840,0x0000000112260000)
}
Event: 24.672 GC heap before
{Heap before GC invocations=17 (full 0):
 PSYoungGen      total 191744K, used 191735K [0x0000000146f00000, 0x0000000155830000, 0x0000000160700000)
  eden space 185152K, 100% used [0x0000000146f00000,0x00000001523d0000,0x00000001523d0000)
  from space 6592K, 99% used [0x00000001551c0000,0x000000015582dde0,0x0000000155830000)
  to   space 10176K, 0% used [0x0000000154450000,0x0000000154450000,0x0000000154e40000)
 ParOldGen       total 52224K, used 30829K [0x0000000113f00000, 0x0000000117200000, 0x0000000146f00000)
  object space 52224K, 59% used [0x0000000113f00000,0x0000000115d1b738,0x0000000117200000)
 PSPermGen       total 57920K, used 57894K [0x000000010ed00000, 0x0000000112590000, 0x0000000113f00000)
  object space 57920K, 99% used [0x000000010ed00000,0x0000000112589830,0x0000000112590000)
Event: 24.679 GC heap after
Heap after GC invocations=17 (full 0):
 PSYoungGen      total 182912K, used 6067K [0x0000000146f00000, 0x00000001551d0000, 0x0000000160700000)
  eden space 176832K, 0% used [0x0000000146f00000,0x0000000146f00000,0x0000000151bb0000)
  from space 6080K, 99% used [0x0000000154450000,0x0000000154a3cf80,0x0000000154a40000)
  to   space 7744K, 0% used [0x0000000154a40000,0x0000000154a40000,0x00000001551d0000)
 ParOldGen       total 52224K, used 33419K [0x0000000113f00000, 0x0000000117200000, 0x0000000146f00000)
  object space 52224K, 63% used [0x0000000113f00000,0x0000000115fa2d98,0x0000000117200000)
 PSPermGen       total 57920K, used 57894K [0x000000010ed00000, 0x0000000112590000, 0x0000000113f00000)
  object space 57920K, 99% used [0x000000010ed00000,0x0000000112589830,0x0000000112590000)
}
Event: 25.989 GC heap before
{Heap before GC invocations=18 (full 0):
 PSYoungGen      total 182912K, used 182899K [0x0000000146f00000, 0x00000001551d0000, 0x0000000160700000)
  eden space 176832K, 100% used [0x0000000146f00000,0x0000000151bb0000,0x0000000151bb0000)
  from space 6080K, 99% used [0x0000000154450000,0x0000000154a3cf80,0x0000000154a40000)
  to   space 7744K, 0% used [0x0000000154a40000,0x0000000154a40000,0x00000001551d0000)
 ParOldGen       total 52224K, used 33419K [0x0000000113f00000, 0x0000000117200000, 0x0000000146f00000)
  object space 52224K, 63% used [0x0000000113f00000,0x0000000115fa2d98,0x0000000117200000)
 PSPermGen       total 61952K, used 61795K [0x000000010ed00000, 0x0000000112980000, 0x0000000113f00000)
  object space 61952K, 99% used [0x000000010ed00000,0x0000000112958cb0,0x0000000112980000)
Event: 25.997 GC heap after
Heap after GC invocations=18 (full 0):
 PSYoungGen      total 176640K, used 7713K [0x0000000146f00000, 0x00000001551d0000, 0x0000000160700000)
  eden space 168896K, 0% used [0x0000000146f00000,0x0000000146f00000,0x00000001513f0000)
  from space 7744K, 99% used [0x0000000154a40000,0x00000001551c84e0,0x00000001551d0000)
  to   space 11520K, 0% used [0x0000000153b50000,0x0000000153b50000,0x0000000154690000)
 ParOldGen       total 52224K, used 36833K [0x0000000113f00000, 0x0000000117200000, 0x0000000146f00000)
  object space 52224K, 70% used [0x0000000113f00000,0x00000001162f86d8,0x0000000117200000)
 PSPermGen       total 61952K, used 61795K [0x000000010ed00000, 0x0000000112980000, 0x0000000113f00000)
  object space 61952K, 99% used [0x000000010ed00000,0x0000000112958cb0,0x0000000112980000)
}

