GROUP,PACKAGE,CLASS,INSTRUCTION_MISSED,INSTRUCTION_COVERED,BRANCH_MISSED,BRANCH_COVERED,LINE_MISSED,LINE_COVERED,COMPLEXITY_MISSED,COMPLEXITY_COVERED,METHOD_MISSED,METHOD_COVERED
Fedora Repository Kernel Implementation (ModeShape),org.fcrepo.kernel.modeshape.utils,StreamUtils,18,35,2,2,1,10,2,3,0,3
Fedora Repository Kernel Implementation (ModeShape),org.fcrepo.kernel.modeshape.utils,FilteringJcrPropertyStatementListener,14,50,2,2,3,14,2,8,0,8
Fedora Repository Kernel Implementation (ModeShape),org.fcrepo.kernel.modeshape.utils,NodePropertiesTools,114,321,16,20,22,66,13,14,0,9
Fedora Repository Kernel Implementation (ModeShape),org.fcrepo.kernel.modeshape.utils,FixityResultImpl,99,76,24,8,16,19,20,10,6,8
Fedora Repository Kernel Implementation (ModeShape),org.fcrepo.kernel.modeshape.utils,BinaryCacheEntry,12,18,0,0,4,6,0,4,0,4
Fedora Repository Kernel Implementation (ModeShape),org.fcrepo.kernel.modeshape.utils,FedoraSessionUserUtil,6,50,2,6,2,12,2,5,0,3
Fedora Repository Kernel Implementation (ModeShape),org.fcrepo.kernel.modeshape.utils,JcrPropertyStatementListener,31,270,6,18,7,64,6,13,0,7
Fedora Repository Kernel Implementation (ModeShape),org.fcrepo.kernel.modeshape.utils,FedoraTypesUtils.IsExposedJCRPropertyPredicate,6,50,0,16,2,7,0,10,0,2
Fedora Repository Kernel Implementation (ModeShape),org.fcrepo.kernel.modeshape.utils,JcrPropertyStatementListener.Operation,0,24,0,0,0,2,0,1,0,1
Fedora Repository Kernel Implementation (ModeShape),org.fcrepo.kernel.modeshape.utils,FedoraTypesUtils,100,560,20,56,22,99,17,53,2,30
Fedora Repository Kernel Implementation (ModeShape),org.fcrepo.kernel.modeshape.utils,ProjectedCacheEntry,26,0,0,0,5,0,2,0,2,0
Fedora Repository Kernel Implementation (ModeShape),org.fcrepo.kernel.modeshape.utils,BasicCacheEntry,26,123,0,6,8,26,0,8,0,5
Fedora Repository Kernel Implementation (ModeShape),org.fcrepo.kernel.modeshape.utils,PropertyChangedListener,11,20,2,2,3,7,2,3,1,2
Fedora Repository Kernel Implementation (ModeShape),org.fcrepo.kernel.modeshape.utils,NamespaceTools,41,129,4,8,11,22,4,7,0,5
Fedora Repository Kernel Implementation (ModeShape),org.fcrepo.kernel.modeshape.utils,ExternalResourceCacheEntry,27,33,0,0,6,7,0,4,0,4
Fedora Repository Kernel Implementation (ModeShape),org.fcrepo.kernel.modeshape.utils,UncheckedFunction,6,6,0,0,2,2,0,2,0,2
Fedora Repository Kernel Implementation (ModeShape),org.fcrepo.kernel.modeshape.utils,FixityInputStream,0,13,0,0,0,3,0,2,0,2
Fedora Repository Kernel Implementation (ModeShape),org.fcrepo.kernel.modeshape.utils,UncheckedPredicate,6,6,0,0,2,2,0,2,0,2
Fedora Repository Kernel Implementation (ModeShape),org.fcrepo.kernel.modeshape.observer.eventmappings,AllNodeEventsOneEvent,8,127,2,6,3,24,2,9,0,7
Fedora Repository Kernel Implementation (ModeShape),org.fcrepo.kernel.modeshape.observer.eventmappings,OneToOne,7,0,0,0,2,0,2,0,2,0
Fedora Repository Kernel Implementation (ModeShape),org.fcrepo.kernel.modeshape.utils.iterators,RelaxedRdfAdder,8,88,1,3,2,21,1,5,0,4
Fedora Repository Kernel Implementation (ModeShape),org.fcrepo.kernel.modeshape.utils.iterators,RdfAdder,35,60,6,2,6,15,4,5,0,5
Fedora Repository Kernel Implementation (ModeShape),org.fcrepo.kernel.modeshape.utils.iterators,RdfRemover,0,39,0,0,0,10,0,4,0,4
Fedora Repository Kernel Implementation (ModeShape),org.fcrepo.kernel.modeshape.utils.iterators,PersistingRdfStreamConsumer,117,194,10,12,24,48,8,13,1,9
Fedora Repository Kernel Implementation (ModeShape),org.fcrepo.kernel.modeshape.services,ContainerServiceImpl,36,83,3,7,5,26,3,10,0,8
Fedora Repository Kernel Implementation (ModeShape),org.fcrepo.kernel.modeshape.services,NodeServiceImpl,53,95,2,2,14,25,4,6,2,6
Fedora Repository Kernel Implementation (ModeShape),org.fcrepo.kernel.modeshape.services,ServiceHelpers,151,40,14,2,36,14,13,2,6,1
Fedora Repository Kernel Implementation (ModeShape),org.fcrepo.kernel.modeshape.services,CredentialsServiceImpl,14,3,2,0,3,1,2,1,1,1
Fedora Repository Kernel Implementation (ModeShape),org.fcrepo.kernel.modeshape.services,BinaryServiceImpl,60,116,6,10,16,34,8,11,3,8
Fedora Repository Kernel Implementation (ModeShape),org.fcrepo.kernel.modeshape.services,BatchServiceImpl,31,124,2,2,6,30,3,12,1,12
Fedora Repository Kernel Implementation (ModeShape),org.fcrepo.kernel.modeshape.services,AbstractService,20,65,1,7,5,18,1,9,0,6
Fedora Repository Kernel Implementation (ModeShape),org.fcrepo.kernel.modeshape.services,VersionServiceImpl,226,271,21,11,55,50,18,16,5,13
Fedora Repository Kernel Implementation (ModeShape),org.fcrepo.kernel.modeshape.services,RepositoryServiceImpl,44,58,0,0,10,19,3,5,3,5
Fedora Repository Kernel Implementation (ModeShape),org.fcrepo.kernel.modeshape.services,ExternalContentServiceImpl,24,3,0,0,7,1,3,1,3,1
Fedora Repository Kernel Implementation (ModeShape),org.fcrepo.kernel.modeshape,RdfJcrLexicon,0,19,0,0,0,9,0,1,0,1
Fedora Repository Kernel Implementation (ModeShape),org.fcrepo.kernel.modeshape,UrlBinary,129,330,14,28,27,76,13,22,1,13
Fedora Repository Kernel Implementation (ModeShape),org.fcrepo.kernel.modeshape,FedoraResourceImpl,506,2036,55,149,115,438,59,154,8,103
Fedora Repository Kernel Implementation (ModeShape),org.fcrepo.kernel.modeshape,FedoraBinaryImpl,40,144,4,14,12,35,7,21,4,15
Fedora Repository Kernel Implementation (ModeShape),org.fcrepo.kernel.modeshape,LocalFileBinary,14,57,2,2,4,17,3,6,1,6
Fedora Repository Kernel Implementation (ModeShape),org.fcrepo.kernel.modeshape,AbstractFedoraBinary,188,205,19,13,59,48,17,20,3,18
Fedora Repository Kernel Implementation (ModeShape),org.fcrepo.kernel.modeshape,ContainerImpl,0,8,0,0,0,3,0,2,0,2
Fedora Repository Kernel Implementation (ModeShape),org.fcrepo.kernel.modeshape,FedoraTimeMapImpl,35,28,0,0,13,6,2,3,2,3
Fedora Repository Kernel Implementation (ModeShape),org.fcrepo.kernel.modeshape,NonRdfSourceDescriptionImpl,35,132,5,7,7,24,5,10,0,9
Fedora Repository Kernel Implementation (ModeShape),org.fcrepo.kernel.modeshape,FedoraSessionImpl,50,108,3,5,12,30,4,12,2,10
Fedora Repository Kernel Implementation (ModeShape),org.fcrepo.kernel.modeshape,FedoraRepositoryImpl,38,35,2,2,7,9,2,5,0,5
Fedora Repository Kernel Implementation (ModeShape),org.fcrepo.kernel.modeshape,FedoraWebacAclImpl,8,8,0,0,3,3,1,2,1,2
Fedora Repository Kernel Implementation (ModeShape),org.fcrepo.kernel.modeshape,TombstoneImpl,28,36,1,1,4,13,1,4,0,4
Fedora Repository Kernel Implementation (ModeShape),org.fcrepo.kernel.modeshape,InternalFedoraBinary,130,244,11,15,33,62,15,14,5,11
Fedora Repository Kernel Implementation (ModeShape),org.fcrepo.kernel.modeshape.identifiers,NamespaceConverter,0,81,0,4,0,19,0,6,0,4
Fedora Repository Kernel Implementation (ModeShape),org.fcrepo.kernel.modeshape.identifiers,HierarchyConverter,196,0,12,0,44,0,17,0,11,0
Fedora Repository Kernel Implementation (ModeShape),org.fcrepo.kernel.modeshape.identifiers,NodeResourceConverter,3,65,0,10,1,15,1,9,1,4
Fedora Repository Kernel Implementation (ModeShape),org.fcrepo.kernel.modeshape.identifiers,HashConverter,0,61,0,4,0,9,0,5,0,3
Fedora Repository Kernel Implementation (ModeShape),org.fcrepo.kernel.modeshape.services.functions,AnyTypesPredicate,23,26,5,1,3,6,3,2,0,2
Fedora Repository Kernel Implementation (ModeShape),org.fcrepo.kernel.modeshape.services.functions,JcrPropertyFunctions,3,35,1,5,0,5,1,6,0,4
Fedora Repository Kernel Implementation (ModeShape),org.fcrepo.kernel.modeshape.rdf.impl.mappings,PropertyValueIterator,10,67,1,9,3,19,1,7,0,3
Fedora Repository Kernel Implementation (ModeShape),org.fcrepo.kernel.modeshape.rdf.impl.mappings,PropertyToTriple,46,82,5,3,12,17,3,6,0,5
Fedora Repository Kernel Implementation (ModeShape),org.fcrepo.kernel.modeshape.rdf.impl,FixityRdfContext,0,126,0,0,0,16,0,4,0,4
Fedora Repository Kernel Implementation (ModeShape),org.fcrepo.kernel.modeshape.rdf.impl,ContentRdfContext,15,39,1,5,2,11,1,3,0,1
Fedora Repository Kernel Implementation (ModeShape),org.fcrepo.kernel.modeshape.rdf.impl,LdpRdfContext,12,58,1,5,2,13,2,6,1,4
Fedora Repository Kernel Implementation (ModeShape),org.fcrepo.kernel.modeshape.rdf.impl,InternalIdentifierTranslator,0,5,0,0,0,2,0,1,0,1
Fedora Repository Kernel Implementation (ModeShape),org.fcrepo.kernel.modeshape.rdf.impl,LdpContainerRdfContext,150,22,18,0,30,6,14,2,5,2
Fedora Repository Kernel Implementation (ModeShape),org.fcrepo.kernel.modeshape.rdf.impl,NodeRdfContext,4,37,0,0,1,9,1,5,1,5
Fedora Repository Kernel Implementation (ModeShape),org.fcrepo.kernel.modeshape.rdf.impl,DefaultIdentifierTranslator,0,5,0,0,0,2,0,1,0,1
Fedora Repository Kernel Implementation (ModeShape),org.fcrepo.kernel.modeshape.rdf.impl,PrefixingIdentifierTranslator,20,163,5,11,4,32,5,11,0,8
Fedora Repository Kernel Implementation (ModeShape),org.fcrepo.kernel.modeshape.rdf.impl,LdpIsMemberOfRdfContext,155,28,21,3,34,6,17,1,5,1
Fedora Repository Kernel Implementation (ModeShape),org.fcrepo.kernel.modeshape.rdf.impl,RootRdfContext,0,62,0,2,0,10,0,5,0,4
Fedora Repository Kernel Implementation (ModeShape),org.fcrepo.kernel.modeshape.rdf.impl,RequiredPropertiesUtil,134,0,8,0,21,0,9,0,5,0
Fedora Repository Kernel Implementation (ModeShape),org.fcrepo.kernel.modeshape.rdf.impl,PropertiesRdfContext,0,47,0,0,0,9,0,3,0,3
Fedora Repository Kernel Implementation (ModeShape),org.fcrepo.kernel.modeshape.rdf.impl,ReferencesRdfContext,10,103,0,0,1,17,1,7,1,7
Fedora Repository Kernel Implementation (ModeShape),org.fcrepo.kernel.modeshape.rdf.impl,HashRdfContext,0,61,0,6,0,12,0,8,0,5
Fedora Repository Kernel Implementation (ModeShape),org.fcrepo.kernel.modeshape.rdf.impl,SkolemNodeRdfContext,32,59,2,0,8,13,2,6,1,6
Fedora Repository Kernel Implementation (ModeShape),org.fcrepo.kernel.modeshape.rdf.impl,TypeRdfContext,0,25,0,0,0,4,0,2,0,2
Fedora Repository Kernel Implementation (ModeShape),org.fcrepo.kernel.modeshape.rdf.impl,ChildrenRdfContext,0,42,0,2,0,7,0,5,0,4
Fedora Repository Kernel Implementation (ModeShape),org.fcrepo.kernel.modeshape.rdf,ManagedRdf,0,19,0,0,0,5,0,3,0,3
Fedora Repository Kernel Implementation (ModeShape),org.fcrepo.kernel.modeshape.rdf,JcrRdfTools,106,576,23,71,16,126,23,40,0,16
Fedora Repository Kernel Implementation (ModeShape),org.fcrepo.kernel.modeshape.observer,WrappedJcrEvent,4,40,0,0,1,12,1,9,1,9
Fedora Repository Kernel Implementation (ModeShape),org.fcrepo.kernel.modeshape.observer,SimpleObserver,19,365,3,13,3,57,3,22,0,17
Fedora Repository Kernel Implementation (ModeShape),org.fcrepo.kernel.modeshape.observer,DefaultFilter,0,19,0,0,0,4,0,3,0,3
Fedora Repository Kernel Implementation (ModeShape),org.fcrepo.kernel.modeshape.observer,SuppressByMixinFilter,0,32,1,3,0,6,1,4,0,3
Fedora Repository Kernel Implementation (ModeShape),org.fcrepo.kernel.modeshape.observer,FedoraEventImpl,107,285,8,12,22,61,10,16,3,13
Fedora Repository Kernel Implementation (ModeShape),org.fcrepo.kernel.modeshape.rdf.converters,ValueConverter.RdfLiteralJcrValueBuilder,28,129,10,18,7,32,10,18,1,13
Fedora Repository Kernel Implementation (ModeShape),org.fcrepo.kernel.modeshape.rdf.converters,PropertyConverter,34,153,7,17,5,36,8,10,1,5
Fedora Repository Kernel Implementation (ModeShape),org.fcrepo.kernel.modeshape.rdf.converters,ValueConverter,69,151,7,17,15,35,7,17,0,9
Fedora Repository Kernel Implementation (ModeShape),org.fcrepo.kernel.modeshape.spring,DefaultPropertiesLoader.PROPERTIES,3,115,0,0,1,16,1,4,1,4
Fedora Repository Kernel Implementation (ModeShape),org.fcrepo.kernel.modeshape.spring,DefaultPropertiesLoader,96,42,11,3,15,9,8,4,2,3
Fedora Repository Kernel Implementation (ModeShape),org.fcrepo.kernel.modeshape.spring,ModeShapeRepositoryFactoryBean,99,107,10,4,21,33,8,9,1,9
Fedora Repository Kernel Implementation (ModeShape),org.fcrepo.kernel.modeshape.utils.impl,CacheEntryFactory,5,40,1,5,1,9,1,4,0,2
